[35m[1mScanning dependencies of target cam_node[0m
[  0%] Built target sensor_msgs_generate_messages_py
[  0%] Built target std_msgs_generate_messages_lisp
[  0%] Built target sensor_msgs_generate_messages_lisp
[  0%] Built target std_msgs_generate_messages_cpp
[  0%] Built target std_msgs_generate_messages_nodejs
[  0%] Built target sensor_msgs_generate_messages_nodejs
[  0%] Built target std_msgs_generate_messages_py
[  0%] Built target sensor_msgs_generate_messages_cpp
[  0%] Built target std_msgs_generate_messages_eus
[  0%] Built target sensor_msgs_generate_messages_eus
[  0%] Built target cam_node_generate_messages_cpp
[  0%] Built target cam_node_generate_messages_nodejs
[  0%] Built target cam_node_generate_messages_lisp
[  0%] Built target cam_node_generate_messages_py
[ 33%] Built target cam_node_generate_messages_eus
[ 66%] [32mBuilding CXX object CMakeFiles/cam_node.dir/src/cam_node.cpp.o[0m
[ 66%] Built target cam_node_generate_messages
[100%] [32m[1mLinking CXX executable /home/locus/CDUS-Cam-Node/catkin_ws/devel/.private/cam_node/lib/cam_node/cam_node[0m
/usr/bin/ld: warning: libopencv_imgcodecs.so.3.2, needed by /opt/ros/melodic/lib/libcv_bridge.so, may conflict with libopencv_imgcodecs.so.408
[100%] Built target cam_node
