Symlinking /home/locus/CDUS-Cam-Node/catkin_ws/devel/share/roseus/ros/cam_node/manifest.l
Symlinking /home/locus/CDUS-Cam-Node/catkin_ws/devel/share/cam_node/cmake/cam_nodeConfig.cmake
Symlinking /home/locus/CDUS-Cam-Node/catkin_ws/devel/share/cam_node/cmake/cam_node-msg-extras.cmake
Symlinking /home/locus/CDUS-Cam-Node/catkin_ws/devel/share/cam_node/cmake/cam_node-msg-paths.cmake
Symlinking /home/locus/CDUS-Cam-Node/catkin_ws/devel/share/cam_node/cmake/cam_nodeConfig-version.cmake
Symlinking /home/locus/CDUS-Cam-Node/catkin_ws/devel/lib/python2.7/dist-packages/cam_node/__init__.py
Symlinking /home/locus/CDUS-Cam-Node/catkin_ws/devel/lib/pkgconfig/cam_node.pc
Symlinking /home/locus/CDUS-Cam-Node/catkin_ws/devel/lib/cam_node/cam_node
Cleaning: (/home/locus/catkin_ws/devel/.private/cam_node/cmake.lock, /home/locus/catkin_ws/devel/./cmake.lock)
Cleaning: (/home/locus/catkin_ws/devel/.private/cam_node/share/roseus/ros/cam_node/manifest.l, /home/locus/catkin_ws/devel/share/roseus/ros/cam_node/manifest.l)
Cleaning: (/home/locus/catkin_ws/devel/.private/cam_node/share/cam_node/cmake/cam_nodeConfig.cmake, /home/locus/catkin_ws/devel/share/cam_node/cmake/cam_nodeConfig.cmake)
Cleaning: (/home/locus/catkin_ws/devel/.private/cam_node/share/cam_node/cmake/cam_node-msg-extras.cmake, /home/locus/catkin_ws/devel/share/cam_node/cmake/cam_node-msg-extras.cmake)
Cleaning: (/home/locus/catkin_ws/devel/.private/cam_node/share/cam_node/cmake/cam_node-msg-paths.cmake, /home/locus/catkin_ws/devel/share/cam_node/cmake/cam_node-msg-paths.cmake)
Cleaning: (/home/locus/catkin_ws/devel/.private/cam_node/share/cam_node/cmake/cam_nodeConfig-version.cmake, /home/locus/catkin_ws/devel/share/cam_node/cmake/cam_nodeConfig-version.cmake)
Cleaning: (/home/locus/catkin_ws/devel/.private/cam_node/lib/python2.7/dist-packages/cam_node/__init__.py, /home/locus/catkin_ws/devel/lib/python2.7/dist-packages/cam_node/__init__.py)
Cleaning: (/home/locus/catkin_ws/devel/.private/cam_node/lib/pkgconfig/cam_node.pc, /home/locus/catkin_ws/devel/lib/pkgconfig/cam_node.pc)
Cleaning: (/home/locus/catkin_ws/devel/.private/cam_node/lib/cam_node/cam_node, /home/locus/catkin_ws/devel/lib/cam_node/cam_node)
Unlinking: /home/locus/catkin_ws/devel/share/roseus/ros/cam_node/manifest.l
Already unlinked: {}
Unlinking: /home/locus/catkin_ws/devel/share/cam_node/cmake/cam_nodeConfig.cmake
Already unlinked: {}
Unlinking: /home/locus/catkin_ws/devel/share/cam_node/cmake/cam_node-msg-extras.cmake
Already unlinked: {}
Unlinking: /home/locus/catkin_ws/devel/share/cam_node/cmake/cam_node-msg-paths.cmake
Already unlinked: {}
Unlinking: /home/locus/catkin_ws/devel/share/cam_node/cmake/cam_nodeConfig-version.cmake
Already unlinked: {}
Unlinking: /home/locus/catkin_ws/devel/lib/python2.7/dist-packages/cam_node/__init__.py
Already unlinked: {}
Unlinking: /home/locus/catkin_ws/devel/lib/pkgconfig/cam_node.pc
Already unlinked: {}
Unlinking: /home/locus/catkin_ws/devel/lib/cam_node/cam_node
Already unlinked: {}
