[  0%] Built target std_msgs_generate_messages_lisp
[  0%] Built target std_msgs_generate_messages_cpp
[  0%] Built target rosgraph_msgs_generate_messages_nodejs
[  0%] Built target std_msgs_generate_messages_nodejs
[  0%] Built target roscpp_generate_messages_cpp
[  0%] Built target roscpp_generate_messages_lisp
[  0%] Built target roscpp_generate_messages_eus
[  0%] Built target std_msgs_generate_messages_py
[  0%] Built target roscpp_generate_messages_py
[  0%] Built target roscpp_generate_messages_nodejs
[  0%] Built target rosgraph_msgs_generate_messages_cpp
[  0%] Built target rosgraph_msgs_generate_messages_eus
[  0%] Built target std_msgs_generate_messages_eus
[  0%] Built target rosgraph_msgs_generate_messages_lisp
[  0%] Built target rosgraph_msgs_generate_messages_py
[35m[1mScanning dependencies of target cam_node[0m
make[2]: *** No rule to make target '/home/nvidia/catkin_ws/src/cam_node/src/cam_node.cpp', needed by 'CMakeFiles/cam_node.dir/src/cam_node.cpp.o'.  Stop.
CMakeFiles/Makefile2:81: recipe for target 'CMakeFiles/cam_node.dir/all' failed
make[1]: *** [CMakeFiles/cam_node.dir/all] Error 2
Makefile:140: recipe for target 'all' failed
make: *** [all] Error 2
