[36m--[0m Using CATKIN_DEVEL_PREFIX: /home/nvidia/catkin_ws/devel/.private/cam_node
[36m--[0m Using CMAKE_PREFIX_PATH: /home/nvidia/catkin_ws/devel;/opt/ros/melodic
[36m--[0m This workspace overlays: /home/nvidia/catkin_ws/devel;/opt/ros/melodic
[36m--[0m Found PythonInterp: /usr/bin/python2 (found suitable version "2.7.17", minimum required is "2")
[36m--[0m Using PYTHON_EXECUTABLE: /usr/bin/python2
[36m--[0m Using Debian Python package layout
[36m--[0m Using empy: /usr/bin/empy
[36m--[0m Using CATKIN_ENABLE_TESTING: ON
[36m--[0m Call enable_testing()
[36m--[0m Using CATKIN_TEST_RESULTS_DIR: /home/nvidia/catkin_ws/build/cam_node/test_results
[36m--[0m Found gtest sources under '/usr/src/googletest': gtests will be built
[36m--[0m Found gmock sources under '/usr/src/googletest': gmock will be built
[36m--[0m Found PythonInterp: /usr/bin/python2 (found version "2.7.17")
[36m--[0m Using Python nosetests: /usr/bin/nosetests-2.7
[36m--[0m catkin 0.7.29
[36m--[0m BUILD_SHARED_LIBS is on
[31m[1mCMake Error[0m at /home/nvidia/catkin_ws/src/cam_node/CMakeLists.txt:112 (generate_messages):
  Unknown CMake command "generate_messages".


[36m--[0m Configuring incomplete, errors occurred!
See also "/home/nvidia/catkin_ws/build/cam_node/CMakeFiles/CMakeOutput.log".
See also "/home/nvidia/catkin_ws/build/cam_node/CMakeFiles/CMakeError.log".
Makefile:574: recipe for target 'cmake_check_build_system' failed
make: *** [cmake_check_build_system] Error 1
