[  0%] Built target _mg_msgs_generate_messages_check_deps_SetInteger
[  0%] Built target _mg_msgs_generate_messages_check_deps_follow_PolyPVA_XY_trajectoryResult
[  0%] Built target _mg_msgs_generate_messages_check_deps_follow_PVAJS_trajectoryActionGoal
[  0%] Built target _mg_msgs_generate_messages_check_deps_TxId
[  0%] Built target _mg_msgs_generate_messages_check_deps_RequestRelativePoseBatch
[  0%] Built target _mg_msgs_generate_messages_check_deps_follow_PolyPVA_XY_trajectoryActionFeedback
[  0%] Built target _mg_msgs_generate_messages_check_deps_PVATrajectory
[  0%] Built target _mg_msgs_generate_messages_check_deps_Attitude2D
[  0%] Built target _mg_msgs_generate_messages_check_deps_PingStatus
[  0%] Built target nav_msgs_generate_messages_eus
[  0%] Built target _mg_msgs_generate_messages_check_deps_follow_PVAJS_trajectoryGoal
[  0%] Built target _mg_msgs_generate_messages_check_deps_GnssObservablesSegment
[  0%] Built target _mg_msgs_generate_messages_check_deps_Almanac
[  0%] Built target _mg_msgs_generate_messages_check_deps_SetQuadBool
[  0%] Built target _mg_msgs_generate_messages_check_deps_Bitcontainer
[  0%] Built target _mg_msgs_generate_messages_check_deps_BaseTime
[  0%] Built target _mg_msgs_generate_messages_check_deps_follow_PolyPVA_XY_trajectoryGoal
[  0%] Built target _mg_msgs_generate_messages_check_deps_minSnapWpStamped
[  0%] Built target _mg_msgs_generate_messages_check_deps_RadarTarget
[  0%] Built target _mg_msgs_generate_messages_check_deps_PVA_request
[  0%] Built target _mg_msgs_generate_messages_check_deps_TransmitterInfoSegment
[  0%] Built target geometry_msgs_generate_messages_eus
[  0%] Built target _mg_msgs_generate_messages_check_deps_PVAJ_request
[  0%] Built target std_msgs_generate_messages_eus
[  0%] Built target _mg_msgs_generate_messages_check_deps_PVA_array
[  0%] Built target _mg_msgs_generate_messages_check_deps_SingleBaselineRTK
[  0%] Built target _mg_msgs_generate_messages_check_deps_PolyPVA
[  0%] Built target _mg_msgs_generate_messages_check_deps_ObservablesMeasurementTime
[  0%] Built target _mg_msgs_generate_messages_check_deps_PVA_Stamped
[  0%] Built target _mg_msgs_generate_messages_check_deps_follow_PVAJS_trajectoryAction
[  0%] Built target _mg_msgs_generate_messages_check_deps_follow_PVAJS_trajectoryActionResult
[  0%] Built target _mg_msgs_generate_messages_check_deps_RadarConfig
[  0%] Built target _mg_msgs_generate_messages_check_deps_Polynomial
[  0%] Built target _mg_msgs_generate_messages_check_deps_follow_PolyPVA_XY_trajectoryActionResult
[  0%] Built target _mg_msgs_generate_messages_check_deps_GPStoUTC
[  0%] Built target _mg_msgs_generate_messages_check_deps_minAccXYWpPVA
[  0%] Built target _mg_msgs_generate_messages_check_deps_minSnapWpPVAJ
[  0%] Built target _mg_msgs_generate_messages_check_deps_Imu
[  0%] Built target _mg_msgs_generate_messages_check_deps_follow_PVAJS_trajectoryResult
[  0%] Built target _mg_msgs_generate_messages_check_deps_TransmitterInfo
[  0%] Built target _mg_msgs_generate_messages_check_deps_PVAJS
[  0%] Built target _mg_msgs_generate_messages_check_deps_set_strings
[  0%] Built target _mg_msgs_generate_messages_check_deps_follow_PolyPVA_XY_trajectoryFeedback
[  0%] Built target _mg_msgs_generate_messages_check_deps_Status
[  0%] Built target _mg_msgs_generate_messages_check_deps_NavigationSolution
[  0%] Built target _mg_msgs_generate_messages_check_deps_GnssObservables
[  0%] Built target _mg_msgs_generate_messages_check_deps_PVAJS_array
[  0%] Built target _mg_msgs_generate_messages_check_deps_MultiBaselineRTKAttitude2D
[  0%] Built target _mg_msgs_generate_messages_check_deps_GameState
[  0%] Built target _mg_msgs_generate_messages_check_deps_Info
[  0%] Built target _mg_msgs_generate_messages_check_deps_Radar
[  0%] Built target _mg_msgs_generate_messages_check_deps_StatusMessage
[  0%] Built target _mg_msgs_generate_messages_check_deps_follow_PVAJS_trajectoryFeedback
[  0%] Built target _mg_msgs_generate_messages_check_deps_MultiBaselineRTKAttitude3D
[  0%] Built target _mg_msgs_generate_messages_check_deps_PVA
[  0%] Built target _mg_msgs_generate_messages_check_deps_Coda
[  0%] Built target _mg_msgs_generate_messages_check_deps_follow_PVAJS_trajectoryActionFeedback
[  0%] Built target _mg_msgs_generate_messages_check_deps_ImuConfig
[  0%] Built target _mg_msgs_generate_messages_check_deps_BalloonInfo
[  0%] Built target _mg_msgs_generate_messages_check_deps_Ephemeris
[  0%] Built target std_msgs_generate_messages_lisp
[  0%] Built target _mg_msgs_generate_messages_check_deps_follow_PolyPVA_XY_trajectoryAction
[  0%] Built target geometry_msgs_generate_messages_lisp
[  0%] Built target _mg_msgs_generate_messages_check_deps_Attitude3D
[  0%] Built target _mg_msgs_generate_messages_check_deps_WifiStatus
[  0%] Built target _mg_msgs_generate_messages_check_deps_updatePx4param
[  0%] Built target _mg_msgs_generate_messages_check_deps_follow_PolyPVA_XY_trajectoryActionGoal
[  0%] Built target nav_msgs_generate_messages_lisp
[  0%] Built target geometry_msgs_generate_messages_cpp
[  0%] Built target _mg_msgs_generate_messages_check_deps_TriggerTime
[  0%] Built target nav_msgs_generate_messages_cpp
[  0%] Built target std_msgs_generate_messages_cpp
[  0%] Built target nav_msgs_generate_messages_nodejs
[  0%] Built target std_msgs_generate_messages_nodejs
[  0%] Built target geometry_msgs_generate_messages_nodejs
[  0%] Built target nav_msgs_generate_messages_py
[  0%] Built target geometry_msgs_generate_messages_py
[  3%] Built target std_msgs_generate_messages_py
[ 20%] Built target mg_msgs_generate_messages_lisp
[ 40%] Built target mg_msgs_generate_messages_cpp
[ 59%] Built target mg_msgs_generate_messages_eus
[ 79%] Built target mg_msgs_generate_messages_nodejs
[100%] Built target mg_msgs_generate_messages_py
[100%] Built target mg_msgs_generate_messages
