Linked: (/home/locus/CDUS-Cam-Node/catkin_ws/devel/.private/mg_msgs/share/gennodejs/ros/mg_msgs/_index.js, /home/locus/CDUS-Cam-Node/catkin_ws/devel/share/gennodejs/ros/mg_msgs/_index.js)
Linked: (/home/locus/CDUS-Cam-Node/catkin_ws/devel/.private/mg_msgs/share/gennodejs/ros/mg_msgs/msg/RadarConfig.js, /home/locus/CDUS-Cam-Node/catkin_ws/devel/share/gennodejs/ros/mg_msgs/msg/RadarConfig.js)
Linked: (/home/locus/CDUS-Cam-Node/catkin_ws/devel/.private/mg_msgs/share/gennodejs/ros/mg_msgs/msg/TransmitterInfoSegment.js, /home/locus/CDUS-Cam-Node/catkin_ws/devel/share/gennodejs/ros/mg_msgs/msg/TransmitterInfoSegment.js)
Linked: (/home/locus/CDUS-Cam-Node/catkin_ws/devel/.private/mg_msgs/share/gennodejs/ros/mg_msgs/msg/follow_PolyPVA_XY_trajectoryAction.js, /home/locus/CDUS-Cam-Node/catkin_ws/devel/share/gennodejs/ros/mg_msgs/msg/follow_PolyPVA_XY_trajectoryAction.js)
Linked: (/home/locus/CDUS-Cam-Node/catkin_ws/devel/.private/mg_msgs/share/gennodejs/ros/mg_msgs/msg/Almanac.js, /home/locus/CDUS-Cam-Node/catkin_ws/devel/share/gennodejs/ros/mg_msgs/msg/Almanac.js)
Linked: (/home/locus/CDUS-Cam-Node/catkin_ws/devel/.private/mg_msgs/share/gennodejs/ros/mg_msgs/msg/follow_PolyPVA_XY_trajectoryActionResult.js, /home/locus/CDUS-Cam-Node/catkin_ws/devel/share/gennodejs/ros/mg_msgs/msg/follow_PolyPVA_XY_trajectoryActionResult.js)
Linked: (/home/locus/CDUS-Cam-Node/catkin_ws/devel/.private/mg_msgs/share/gennodejs/ros/mg_msgs/msg/PolyPVA.js, /home/locus/CDUS-Cam-Node/catkin_ws/devel/share/gennodejs/ros/mg_msgs/msg/PolyPVA.js)
Linked: (/home/locus/CDUS-Cam-Node/catkin_ws/devel/.private/mg_msgs/share/gennodejs/ros/mg_msgs/msg/follow_PVAJS_trajectoryActionFeedback.js, /home/locus/CDUS-Cam-Node/catkin_ws/devel/share/gennodejs/ros/mg_msgs/msg/follow_PVAJS_trajectoryActionFeedback.js)
Linked: (/home/locus/CDUS-Cam-Node/catkin_ws/devel/.private/mg_msgs/share/gennodejs/ros/mg_msgs/msg/PVA_array.js, /home/locus/CDUS-Cam-Node/catkin_ws/devel/share/gennodejs/ros/mg_msgs/msg/PVA_array.js)
Linked: (/home/locus/CDUS-Cam-Node/catkin_ws/devel/.private/mg_msgs/share/gennodejs/ros/mg_msgs/msg/PVATrajectory.js, /home/locus/CDUS-Cam-Node/catkin_ws/devel/share/gennodejs/ros/mg_msgs/msg/PVATrajectory.js)
Linked: (/home/locus/CDUS-Cam-Node/catkin_ws/devel/.private/mg_msgs/share/gennodejs/ros/mg_msgs/msg/Bitcontainer.js, /home/locus/CDUS-Cam-Node/catkin_ws/devel/share/gennodejs/ros/mg_msgs/msg/Bitcontainer.js)
Linked: (/home/locus/CDUS-Cam-Node/catkin_ws/devel/.private/mg_msgs/share/gennodejs/ros/mg_msgs/msg/MultiBaselineRTKAttitude3D.js, /home/locus/CDUS-Cam-Node/catkin_ws/devel/share/gennodejs/ros/mg_msgs/msg/MultiBaselineRTKAttitude3D.js)
Linked: (/home/locus/CDUS-Cam-Node/catkin_ws/devel/.private/mg_msgs/share/gennodejs/ros/mg_msgs/msg/follow_PolyPVA_XY_trajectoryActionFeedback.js, /home/locus/CDUS-Cam-Node/catkin_ws/devel/share/gennodejs/ros/mg_msgs/msg/follow_PolyPVA_XY_trajectoryActionFeedback.js)
Linked: (/home/locus/CDUS-Cam-Node/catkin_ws/devel/.private/mg_msgs/share/gennodejs/ros/mg_msgs/msg/GameState.js, /home/locus/CDUS-Cam-Node/catkin_ws/devel/share/gennodejs/ros/mg_msgs/msg/GameState.js)
Linked: (/home/locus/CDUS-Cam-Node/catkin_ws/devel/.private/mg_msgs/share/gennodejs/ros/mg_msgs/msg/follow_PVAJS_trajectoryFeedback.js, /home/locus/CDUS-Cam-Node/catkin_ws/devel/share/gennodejs/ros/mg_msgs/msg/follow_PVAJS_trajectoryFeedback.js)
Linked: (/home/locus/CDUS-Cam-Node/catkin_ws/devel/.private/mg_msgs/share/gennodejs/ros/mg_msgs/msg/TriggerTime.js, /home/locus/CDUS-Cam-Node/catkin_ws/devel/share/gennodejs/ros/mg_msgs/msg/TriggerTime.js)
Linked: (/home/locus/CDUS-Cam-Node/catkin_ws/devel/.private/mg_msgs/share/gennodejs/ros/mg_msgs/msg/TransmitterInfo.js, /home/locus/CDUS-Cam-Node/catkin_ws/devel/share/gennodejs/ros/mg_msgs/msg/TransmitterInfo.js)
Linked: (/home/locus/CDUS-Cam-Node/catkin_ws/devel/.private/mg_msgs/share/gennodejs/ros/mg_msgs/msg/_index.js, /home/locus/CDUS-Cam-Node/catkin_ws/devel/share/gennodejs/ros/mg_msgs/msg/_index.js)
Linked: (/home/locus/CDUS-Cam-Node/catkin_ws/devel/.private/mg_msgs/share/gennodejs/ros/mg_msgs/msg/GPStoUTC.js, /home/locus/CDUS-Cam-Node/catkin_ws/devel/share/gennodejs/ros/mg_msgs/msg/GPStoUTC.js)
Linked: (/home/locus/CDUS-Cam-Node/catkin_ws/devel/.private/mg_msgs/share/gennodejs/ros/mg_msgs/msg/TxId.js, /home/locus/CDUS-Cam-Node/catkin_ws/devel/share/gennodejs/ros/mg_msgs/msg/TxId.js)
Linked: (/home/locus/CDUS-Cam-Node/catkin_ws/devel/.private/mg_msgs/share/gennodejs/ros/mg_msgs/msg/RadarTarget.js, /home/locus/CDUS-Cam-Node/catkin_ws/devel/share/gennodejs/ros/mg_msgs/msg/RadarTarget.js)
Linked: (/home/locus/CDUS-Cam-Node/catkin_ws/devel/.private/mg_msgs/share/gennodejs/ros/mg_msgs/msg/Ephemeris.js, /home/locus/CDUS-Cam-Node/catkin_ws/devel/share/gennodejs/ros/mg_msgs/msg/Ephemeris.js)
Linked: (/home/locus/CDUS-Cam-Node/catkin_ws/devel/.private/mg_msgs/share/gennodejs/ros/mg_msgs/msg/follow_PolyPVA_XY_trajectoryResult.js, /home/locus/CDUS-Cam-Node/catkin_ws/devel/share/gennodejs/ros/mg_msgs/msg/follow_PolyPVA_XY_trajectoryResult.js)
Linked: (/home/locus/CDUS-Cam-Node/catkin_ws/devel/.private/mg_msgs/share/gennodejs/ros/mg_msgs/msg/follow_PVAJS_trajectoryAction.js, /home/locus/CDUS-Cam-Node/catkin_ws/devel/share/gennodejs/ros/mg_msgs/msg/follow_PVAJS_trajectoryAction.js)
Linked: (/home/locus/CDUS-Cam-Node/catkin_ws/devel/.private/mg_msgs/share/gennodejs/ros/mg_msgs/msg/PVAJ_request.js, /home/locus/CDUS-Cam-Node/catkin_ws/devel/share/gennodejs/ros/mg_msgs/msg/PVAJ_request.js)
Linked: (/home/locus/CDUS-Cam-Node/catkin_ws/devel/.private/mg_msgs/share/gennodejs/ros/mg_msgs/msg/Attitude3D.js, /home/locus/CDUS-Cam-Node/catkin_ws/devel/share/gennodejs/ros/mg_msgs/msg/Attitude3D.js)
Linked: (/home/locus/CDUS-Cam-Node/catkin_ws/devel/.private/mg_msgs/share/gennodejs/ros/mg_msgs/msg/follow_PVAJS_trajectoryActionResult.js, /home/locus/CDUS-Cam-Node/catkin_ws/devel/share/gennodejs/ros/mg_msgs/msg/follow_PVAJS_trajectoryActionResult.js)
Linked: (/home/locus/CDUS-Cam-Node/catkin_ws/devel/.private/mg_msgs/share/gennodejs/ros/mg_msgs/msg/StatusMessage.js, /home/locus/CDUS-Cam-Node/catkin_ws/devel/share/gennodejs/ros/mg_msgs/msg/StatusMessage.js)
Linked: (/home/locus/CDUS-Cam-Node/catkin_ws/devel/.private/mg_msgs/share/gennodejs/ros/mg_msgs/msg/PVA_request.js, /home/locus/CDUS-Cam-Node/catkin_ws/devel/share/gennodejs/ros/mg_msgs/msg/PVA_request.js)
Linked: (/home/locus/CDUS-Cam-Node/catkin_ws/devel/.private/mg_msgs/share/gennodejs/ros/mg_msgs/msg/SingleBaselineRTK.js, /home/locus/CDUS-Cam-Node/catkin_ws/devel/share/gennodejs/ros/mg_msgs/msg/SingleBaselineRTK.js)
Linked: (/home/locus/CDUS-Cam-Node/catkin_ws/devel/.private/mg_msgs/share/gennodejs/ros/mg_msgs/msg/Status.js, /home/locus/CDUS-Cam-Node/catkin_ws/devel/share/gennodejs/ros/mg_msgs/msg/Status.js)
Linked: (/home/locus/CDUS-Cam-Node/catkin_ws/devel/.private/mg_msgs/share/gennodejs/ros/mg_msgs/msg/ImuConfig.js, /home/locus/CDUS-Cam-Node/catkin_ws/devel/share/gennodejs/ros/mg_msgs/msg/ImuConfig.js)
Linked: (/home/locus/CDUS-Cam-Node/catkin_ws/devel/.private/mg_msgs/share/gennodejs/ros/mg_msgs/msg/ObservablesMeasurementTime.js, /home/locus/CDUS-Cam-Node/catkin_ws/devel/share/gennodejs/ros/mg_msgs/msg/ObservablesMeasurementTime.js)
Linked: (/home/locus/CDUS-Cam-Node/catkin_ws/devel/.private/mg_msgs/share/gennodejs/ros/mg_msgs/msg/follow_PolyPVA_XY_trajectoryActionGoal.js, /home/locus/CDUS-Cam-Node/catkin_ws/devel/share/gennodejs/ros/mg_msgs/msg/follow_PolyPVA_XY_trajectoryActionGoal.js)
Linked: (/home/locus/CDUS-Cam-Node/catkin_ws/devel/.private/mg_msgs/share/gennodejs/ros/mg_msgs/msg/follow_PVAJS_trajectoryGoal.js, /home/locus/CDUS-Cam-Node/catkin_ws/devel/share/gennodejs/ros/mg_msgs/msg/follow_PVAJS_trajectoryGoal.js)
Linked: (/home/locus/CDUS-Cam-Node/catkin_ws/devel/.private/mg_msgs/share/gennodejs/ros/mg_msgs/msg/Imu.js, /home/locus/CDUS-Cam-Node/catkin_ws/devel/share/gennodejs/ros/mg_msgs/msg/Imu.js)
Linked: (/home/locus/CDUS-Cam-Node/catkin_ws/devel/.private/mg_msgs/share/gennodejs/ros/mg_msgs/msg/follow_PVAJS_trajectoryResult.js, /home/locus/CDUS-Cam-Node/catkin_ws/devel/share/gennodejs/ros/mg_msgs/msg/follow_PVAJS_trajectoryResult.js)
Linked: (/home/locus/CDUS-Cam-Node/catkin_ws/devel/.private/mg_msgs/share/gennodejs/ros/mg_msgs/msg/BalloonInfo.js, /home/locus/CDUS-Cam-Node/catkin_ws/devel/share/gennodejs/ros/mg_msgs/msg/BalloonInfo.js)
Linked: (/home/locus/CDUS-Cam-Node/catkin_ws/devel/.private/mg_msgs/share/gennodejs/ros/mg_msgs/msg/BaseTime.js, /home/locus/CDUS-Cam-Node/catkin_ws/devel/share/gennodejs/ros/mg_msgs/msg/BaseTime.js)
Linked: (/home/locus/CDUS-Cam-Node/catkin_ws/devel/.private/mg_msgs/share/gennodejs/ros/mg_msgs/msg/follow_PVAJS_trajectoryActionGoal.js, /home/locus/CDUS-Cam-Node/catkin_ws/devel/share/gennodejs/ros/mg_msgs/msg/follow_PVAJS_trajectoryActionGoal.js)
Linked: (/home/locus/CDUS-Cam-Node/catkin_ws/devel/.private/mg_msgs/share/gennodejs/ros/mg_msgs/msg/PVA_Stamped.js, /home/locus/CDUS-Cam-Node/catkin_ws/devel/share/gennodejs/ros/mg_msgs/msg/PVA_Stamped.js)
Linked: (/home/locus/CDUS-Cam-Node/catkin_ws/devel/.private/mg_msgs/share/gennodejs/ros/mg_msgs/msg/PVAJS.js, /home/locus/CDUS-Cam-Node/catkin_ws/devel/share/gennodejs/ros/mg_msgs/msg/PVAJS.js)
Linked: (/home/locus/CDUS-Cam-Node/catkin_ws/devel/.private/mg_msgs/share/gennodejs/ros/mg_msgs/msg/Polynomial.js, /home/locus/CDUS-Cam-Node/catkin_ws/devel/share/gennodejs/ros/mg_msgs/msg/Polynomial.js)
Linked: (/home/locus/CDUS-Cam-Node/catkin_ws/devel/.private/mg_msgs/share/gennodejs/ros/mg_msgs/msg/follow_PolyPVA_XY_trajectoryGoal.js, /home/locus/CDUS-Cam-Node/catkin_ws/devel/share/gennodejs/ros/mg_msgs/msg/follow_PolyPVA_XY_trajectoryGoal.js)
Linked: (/home/locus/CDUS-Cam-Node/catkin_ws/devel/.private/mg_msgs/share/gennodejs/ros/mg_msgs/msg/GnssObservables.js, /home/locus/CDUS-Cam-Node/catkin_ws/devel/share/gennodejs/ros/mg_msgs/msg/GnssObservables.js)
Linked: (/home/locus/CDUS-Cam-Node/catkin_ws/devel/.private/mg_msgs/share/gennodejs/ros/mg_msgs/msg/GnssObservablesSegment.js, /home/locus/CDUS-Cam-Node/catkin_ws/devel/share/gennodejs/ros/mg_msgs/msg/GnssObservablesSegment.js)
Linked: (/home/locus/CDUS-Cam-Node/catkin_ws/devel/.private/mg_msgs/share/gennodejs/ros/mg_msgs/msg/Radar.js, /home/locus/CDUS-Cam-Node/catkin_ws/devel/share/gennodejs/ros/mg_msgs/msg/Radar.js)
Linked: (/home/locus/CDUS-Cam-Node/catkin_ws/devel/.private/mg_msgs/share/gennodejs/ros/mg_msgs/msg/MultiBaselineRTKAttitude2D.js, /home/locus/CDUS-Cam-Node/catkin_ws/devel/share/gennodejs/ros/mg_msgs/msg/MultiBaselineRTKAttitude2D.js)
Linked: (/home/locus/CDUS-Cam-Node/catkin_ws/devel/.private/mg_msgs/share/gennodejs/ros/mg_msgs/msg/Info.js, /home/locus/CDUS-Cam-Node/catkin_ws/devel/share/gennodejs/ros/mg_msgs/msg/Info.js)
Linked: (/home/locus/CDUS-Cam-Node/catkin_ws/devel/.private/mg_msgs/share/gennodejs/ros/mg_msgs/msg/Attitude2D.js, /home/locus/CDUS-Cam-Node/catkin_ws/devel/share/gennodejs/ros/mg_msgs/msg/Attitude2D.js)
Linked: (/home/locus/CDUS-Cam-Node/catkin_ws/devel/.private/mg_msgs/share/gennodejs/ros/mg_msgs/msg/Coda.js, /home/locus/CDUS-Cam-Node/catkin_ws/devel/share/gennodejs/ros/mg_msgs/msg/Coda.js)
Linked: (/home/locus/CDUS-Cam-Node/catkin_ws/devel/.private/mg_msgs/share/gennodejs/ros/mg_msgs/msg/WifiStatus.js, /home/locus/CDUS-Cam-Node/catkin_ws/devel/share/gennodejs/ros/mg_msgs/msg/WifiStatus.js)
Linked: (/home/locus/CDUS-Cam-Node/catkin_ws/devel/.private/mg_msgs/share/gennodejs/ros/mg_msgs/msg/NavigationSolution.js, /home/locus/CDUS-Cam-Node/catkin_ws/devel/share/gennodejs/ros/mg_msgs/msg/NavigationSolution.js)
Linked: (/home/locus/CDUS-Cam-Node/catkin_ws/devel/.private/mg_msgs/share/gennodejs/ros/mg_msgs/msg/PingStatus.js, /home/locus/CDUS-Cam-Node/catkin_ws/devel/share/gennodejs/ros/mg_msgs/msg/PingStatus.js)
Linked: (/home/locus/CDUS-Cam-Node/catkin_ws/devel/.private/mg_msgs/share/gennodejs/ros/mg_msgs/msg/PVAJS_array.js, /home/locus/CDUS-Cam-Node/catkin_ws/devel/share/gennodejs/ros/mg_msgs/msg/PVAJS_array.js)
Linked: (/home/locus/CDUS-Cam-Node/catkin_ws/devel/.private/mg_msgs/share/gennodejs/ros/mg_msgs/msg/PVA.js, /home/locus/CDUS-Cam-Node/catkin_ws/devel/share/gennodejs/ros/mg_msgs/msg/PVA.js)
Linked: (/home/locus/CDUS-Cam-Node/catkin_ws/devel/.private/mg_msgs/share/gennodejs/ros/mg_msgs/msg/follow_PolyPVA_XY_trajectoryFeedback.js, /home/locus/CDUS-Cam-Node/catkin_ws/devel/share/gennodejs/ros/mg_msgs/msg/follow_PolyPVA_XY_trajectoryFeedback.js)
Linked: (/home/locus/CDUS-Cam-Node/catkin_ws/devel/.private/mg_msgs/share/gennodejs/ros/mg_msgs/srv/minSnapWpStamped.js, /home/locus/CDUS-Cam-Node/catkin_ws/devel/share/gennodejs/ros/mg_msgs/srv/minSnapWpStamped.js)
Linked: (/home/locus/CDUS-Cam-Node/catkin_ws/devel/.private/mg_msgs/share/gennodejs/ros/mg_msgs/srv/minSnapWpPVAJ.js, /home/locus/CDUS-Cam-Node/catkin_ws/devel/share/gennodejs/ros/mg_msgs/srv/minSnapWpPVAJ.js)
Linked: (/home/locus/CDUS-Cam-Node/catkin_ws/devel/.private/mg_msgs/share/gennodejs/ros/mg_msgs/srv/updatePx4param.js, /home/locus/CDUS-Cam-Node/catkin_ws/devel/share/gennodejs/ros/mg_msgs/srv/updatePx4param.js)
Linked: (/home/locus/CDUS-Cam-Node/catkin_ws/devel/.private/mg_msgs/share/gennodejs/ros/mg_msgs/srv/_index.js, /home/locus/CDUS-Cam-Node/catkin_ws/devel/share/gennodejs/ros/mg_msgs/srv/_index.js)
Linked: (/home/locus/CDUS-Cam-Node/catkin_ws/devel/.private/mg_msgs/share/gennodejs/ros/mg_msgs/srv/RequestRelativePoseBatch.js, /home/locus/CDUS-Cam-Node/catkin_ws/devel/share/gennodejs/ros/mg_msgs/srv/RequestRelativePoseBatch.js)
Linked: (/home/locus/CDUS-Cam-Node/catkin_ws/devel/.private/mg_msgs/share/gennodejs/ros/mg_msgs/srv/set_strings.js, /home/locus/CDUS-Cam-Node/catkin_ws/devel/share/gennodejs/ros/mg_msgs/srv/set_strings.js)
Linked: (/home/locus/CDUS-Cam-Node/catkin_ws/devel/.private/mg_msgs/share/gennodejs/ros/mg_msgs/srv/minAccXYWpPVA.js, /home/locus/CDUS-Cam-Node/catkin_ws/devel/share/gennodejs/ros/mg_msgs/srv/minAccXYWpPVA.js)
Linked: (/home/locus/CDUS-Cam-Node/catkin_ws/devel/.private/mg_msgs/share/gennodejs/ros/mg_msgs/srv/SetInteger.js, /home/locus/CDUS-Cam-Node/catkin_ws/devel/share/gennodejs/ros/mg_msgs/srv/SetInteger.js)
Linked: (/home/locus/CDUS-Cam-Node/catkin_ws/devel/.private/mg_msgs/share/gennodejs/ros/mg_msgs/srv/SetQuadBool.js, /home/locus/CDUS-Cam-Node/catkin_ws/devel/share/gennodejs/ros/mg_msgs/srv/SetQuadBool.js)
Linked: (/home/locus/CDUS-Cam-Node/catkin_ws/devel/.private/mg_msgs/share/roseus/ros/mg_msgs/manifest.l, /home/locus/CDUS-Cam-Node/catkin_ws/devel/share/roseus/ros/mg_msgs/manifest.l)
Linked: (/home/locus/CDUS-Cam-Node/catkin_ws/devel/.private/mg_msgs/share/roseus/ros/mg_msgs/msg/follow_PVAJS_trajectoryActionGoal.l, /home/locus/CDUS-Cam-Node/catkin_ws/devel/share/roseus/ros/mg_msgs/msg/follow_PVAJS_trajectoryActionGoal.l)
Linked: (/home/locus/CDUS-Cam-Node/catkin_ws/devel/.private/mg_msgs/share/roseus/ros/mg_msgs/msg/PVATrajectory.l, /home/locus/CDUS-Cam-Node/catkin_ws/devel/share/roseus/ros/mg_msgs/msg/PVATrajectory.l)
Linked: (/home/locus/CDUS-Cam-Node/catkin_ws/devel/.private/mg_msgs/share/roseus/ros/mg_msgs/msg/follow_PolyPVA_XY_trajectoryActionResult.l, /home/locus/CDUS-Cam-Node/catkin_ws/devel/share/roseus/ros/mg_msgs/msg/follow_PolyPVA_XY_trajectoryActionResult.l)
Linked: (/home/locus/CDUS-Cam-Node/catkin_ws/devel/.private/mg_msgs/share/roseus/ros/mg_msgs/msg/GnssObservables.l, /home/locus/CDUS-Cam-Node/catkin_ws/devel/share/roseus/ros/mg_msgs/msg/GnssObservables.l)
Linked: (/home/locus/CDUS-Cam-Node/catkin_ws/devel/.private/mg_msgs/share/roseus/ros/mg_msgs/msg/WifiStatus.l, /home/locus/CDUS-Cam-Node/catkin_ws/devel/share/roseus/ros/mg_msgs/msg/WifiStatus.l)
Linked: (/home/locus/CDUS-Cam-Node/catkin_ws/devel/.private/mg_msgs/share/roseus/ros/mg_msgs/msg/follow_PVAJS_trajectoryAction.l, /home/locus/CDUS-Cam-Node/catkin_ws/devel/share/roseus/ros/mg_msgs/msg/follow_PVAJS_trajectoryAction.l)
Linked: (/home/locus/CDUS-Cam-Node/catkin_ws/devel/.private/mg_msgs/share/roseus/ros/mg_msgs/msg/follow_PolyPVA_XY_trajectoryFeedback.l, /home/locus/CDUS-Cam-Node/catkin_ws/devel/share/roseus/ros/mg_msgs/msg/follow_PolyPVA_XY_trajectoryFeedback.l)
Linked: (/home/locus/CDUS-Cam-Node/catkin_ws/devel/.private/mg_msgs/share/roseus/ros/mg_msgs/msg/RadarConfig.l, /home/locus/CDUS-Cam-Node/catkin_ws/devel/share/roseus/ros/mg_msgs/msg/RadarConfig.l)
Linked: (/home/locus/CDUS-Cam-Node/catkin_ws/devel/.private/mg_msgs/share/roseus/ros/mg_msgs/msg/ObservablesMeasurementTime.l, /home/locus/CDUS-Cam-Node/catkin_ws/devel/share/roseus/ros/mg_msgs/msg/ObservablesMeasurementTime.l)
Linked: (/home/locus/CDUS-Cam-Node/catkin_ws/devel/.private/mg_msgs/share/roseus/ros/mg_msgs/msg/PVA_Stamped.l, /home/locus/CDUS-Cam-Node/catkin_ws/devel/share/roseus/ros/mg_msgs/msg/PVA_Stamped.l)
Linked: (/home/locus/CDUS-Cam-Node/catkin_ws/devel/.private/mg_msgs/share/roseus/ros/mg_msgs/msg/PVAJ_request.l, /home/locus/CDUS-Cam-Node/catkin_ws/devel/share/roseus/ros/mg_msgs/msg/PVAJ_request.l)
Linked: (/home/locus/CDUS-Cam-Node/catkin_ws/devel/.private/mg_msgs/share/roseus/ros/mg_msgs/msg/follow_PVAJS_trajectoryFeedback.l, /home/locus/CDUS-Cam-Node/catkin_ws/devel/share/roseus/ros/mg_msgs/msg/follow_PVAJS_trajectoryFeedback.l)
Linked: (/home/locus/CDUS-Cam-Node/catkin_ws/devel/.private/mg_msgs/share/roseus/ros/mg_msgs/msg/BalloonInfo.l, /home/locus/CDUS-Cam-Node/catkin_ws/devel/share/roseus/ros/mg_msgs/msg/BalloonInfo.l)
Linked: (/home/locus/CDUS-Cam-Node/catkin_ws/devel/.private/mg_msgs/share/roseus/ros/mg_msgs/msg/TransmitterInfoSegment.l, /home/locus/CDUS-Cam-Node/catkin_ws/devel/share/roseus/ros/mg_msgs/msg/TransmitterInfoSegment.l)
Linked: (/home/locus/CDUS-Cam-Node/catkin_ws/devel/.private/mg_msgs/share/roseus/ros/mg_msgs/msg/Bitcontainer.l, /home/locus/CDUS-Cam-Node/catkin_ws/devel/share/roseus/ros/mg_msgs/msg/Bitcontainer.l)
Linked: (/home/locus/CDUS-Cam-Node/catkin_ws/devel/.private/mg_msgs/share/roseus/ros/mg_msgs/msg/Attitude3D.l, /home/locus/CDUS-Cam-Node/catkin_ws/devel/share/roseus/ros/mg_msgs/msg/Attitude3D.l)
Linked: (/home/locus/CDUS-Cam-Node/catkin_ws/devel/.private/mg_msgs/share/roseus/ros/mg_msgs/msg/follow_PolyPVA_XY_trajectoryResult.l, /home/locus/CDUS-Cam-Node/catkin_ws/devel/share/roseus/ros/mg_msgs/msg/follow_PolyPVA_XY_trajectoryResult.l)
Linked: (/home/locus/CDUS-Cam-Node/catkin_ws/devel/.private/mg_msgs/share/roseus/ros/mg_msgs/msg/StatusMessage.l, /home/locus/CDUS-Cam-Node/catkin_ws/devel/share/roseus/ros/mg_msgs/msg/StatusMessage.l)
Linked: (/home/locus/CDUS-Cam-Node/catkin_ws/devel/.private/mg_msgs/share/roseus/ros/mg_msgs/msg/GameState.l, /home/locus/CDUS-Cam-Node/catkin_ws/devel/share/roseus/ros/mg_msgs/msg/GameState.l)
Linked: (/home/locus/CDUS-Cam-Node/catkin_ws/devel/.private/mg_msgs/share/roseus/ros/mg_msgs/msg/BaseTime.l, /home/locus/CDUS-Cam-Node/catkin_ws/devel/share/roseus/ros/mg_msgs/msg/BaseTime.l)
Linked: (/home/locus/CDUS-Cam-Node/catkin_ws/devel/.private/mg_msgs/share/roseus/ros/mg_msgs/msg/follow_PolyPVA_XY_trajectoryAction.l, /home/locus/CDUS-Cam-Node/catkin_ws/devel/share/roseus/ros/mg_msgs/msg/follow_PolyPVA_XY_trajectoryAction.l)
Linked: (/home/locus/CDUS-Cam-Node/catkin_ws/devel/.private/mg_msgs/share/roseus/ros/mg_msgs/msg/NavigationSolution.l, /home/locus/CDUS-Cam-Node/catkin_ws/devel/share/roseus/ros/mg_msgs/msg/NavigationSolution.l)
Linked: (/home/locus/CDUS-Cam-Node/catkin_ws/devel/.private/mg_msgs/share/roseus/ros/mg_msgs/msg/Almanac.l, /home/locus/CDUS-Cam-Node/catkin_ws/devel/share/roseus/ros/mg_msgs/msg/Almanac.l)
Linked: (/home/locus/CDUS-Cam-Node/catkin_ws/devel/.private/mg_msgs/share/roseus/ros/mg_msgs/msg/MultiBaselineRTKAttitude3D.l, /home/locus/CDUS-Cam-Node/catkin_ws/devel/share/roseus/ros/mg_msgs/msg/MultiBaselineRTKAttitude3D.l)
Linked: (/home/locus/CDUS-Cam-Node/catkin_ws/devel/.private/mg_msgs/share/roseus/ros/mg_msgs/msg/Polynomial.l, /home/locus/CDUS-Cam-Node/catkin_ws/devel/share/roseus/ros/mg_msgs/msg/Polynomial.l)
Linked: (/home/locus/CDUS-Cam-Node/catkin_ws/devel/.private/mg_msgs/share/roseus/ros/mg_msgs/msg/PVAJS_array.l, /home/locus/CDUS-Cam-Node/catkin_ws/devel/share/roseus/ros/mg_msgs/msg/PVAJS_array.l)
Linked: (/home/locus/CDUS-Cam-Node/catkin_ws/devel/.private/mg_msgs/share/roseus/ros/mg_msgs/msg/follow_PolyPVA_XY_trajectoryActionFeedback.l, /home/locus/CDUS-Cam-Node/catkin_ws/devel/share/roseus/ros/mg_msgs/msg/follow_PolyPVA_XY_trajectoryActionFeedback.l)
Linked: (/home/locus/CDUS-Cam-Node/catkin_ws/devel/.private/mg_msgs/share/roseus/ros/mg_msgs/msg/PVA_array.l, /home/locus/CDUS-Cam-Node/catkin_ws/devel/share/roseus/ros/mg_msgs/msg/PVA_array.l)
Linked: (/home/locus/CDUS-Cam-Node/catkin_ws/devel/.private/mg_msgs/share/roseus/ros/mg_msgs/msg/PingStatus.l, /home/locus/CDUS-Cam-Node/catkin_ws/devel/share/roseus/ros/mg_msgs/msg/PingStatus.l)
Linked: (/home/locus/CDUS-Cam-Node/catkin_ws/devel/.private/mg_msgs/share/roseus/ros/mg_msgs/msg/GnssObservablesSegment.l, /home/locus/CDUS-Cam-Node/catkin_ws/devel/share/roseus/ros/mg_msgs/msg/GnssObservablesSegment.l)
Linked: (/home/locus/CDUS-Cam-Node/catkin_ws/devel/.private/mg_msgs/share/roseus/ros/mg_msgs/msg/PVA_request.l, /home/locus/CDUS-Cam-Node/catkin_ws/devel/share/roseus/ros/mg_msgs/msg/PVA_request.l)
Linked: (/home/locus/CDUS-Cam-Node/catkin_ws/devel/.private/mg_msgs/share/roseus/ros/mg_msgs/msg/PolyPVA.l, /home/locus/CDUS-Cam-Node/catkin_ws/devel/share/roseus/ros/mg_msgs/msg/PolyPVA.l)
Linked: (/home/locus/CDUS-Cam-Node/catkin_ws/devel/.private/mg_msgs/share/roseus/ros/mg_msgs/msg/ImuConfig.l, /home/locus/CDUS-Cam-Node/catkin_ws/devel/share/roseus/ros/mg_msgs/msg/ImuConfig.l)
Linked: (/home/locus/CDUS-Cam-Node/catkin_ws/devel/.private/mg_msgs/share/roseus/ros/mg_msgs/msg/Attitude2D.l, /home/locus/CDUS-Cam-Node/catkin_ws/devel/share/roseus/ros/mg_msgs/msg/Attitude2D.l)
Linked: (/home/locus/CDUS-Cam-Node/catkin_ws/devel/.private/mg_msgs/share/roseus/ros/mg_msgs/msg/follow_PolyPVA_XY_trajectoryGoal.l, /home/locus/CDUS-Cam-Node/catkin_ws/devel/share/roseus/ros/mg_msgs/msg/follow_PolyPVA_XY_trajectoryGoal.l)
Linked: (/home/locus/CDUS-Cam-Node/catkin_ws/devel/.private/mg_msgs/share/roseus/ros/mg_msgs/msg/TriggerTime.l, /home/locus/CDUS-Cam-Node/catkin_ws/devel/share/roseus/ros/mg_msgs/msg/TriggerTime.l)
Linked: (/home/locus/CDUS-Cam-Node/catkin_ws/devel/.private/mg_msgs/share/roseus/ros/mg_msgs/msg/Radar.l, /home/locus/CDUS-Cam-Node/catkin_ws/devel/share/roseus/ros/mg_msgs/msg/Radar.l)
Linked: (/home/locus/CDUS-Cam-Node/catkin_ws/devel/.private/mg_msgs/share/roseus/ros/mg_msgs/msg/follow_PVAJS_trajectoryActionResult.l, /home/locus/CDUS-Cam-Node/catkin_ws/devel/share/roseus/ros/mg_msgs/msg/follow_PVAJS_trajectoryActionResult.l)
Linked: (/home/locus/CDUS-Cam-Node/catkin_ws/devel/.private/mg_msgs/share/roseus/ros/mg_msgs/msg/PVAJS.l, /home/locus/CDUS-Cam-Node/catkin_ws/devel/share/roseus/ros/mg_msgs/msg/PVAJS.l)
Linked: (/home/locus/CDUS-Cam-Node/catkin_ws/devel/.private/mg_msgs/share/roseus/ros/mg_msgs/msg/follow_PVAJS_trajectoryActionFeedback.l, /home/locus/CDUS-Cam-Node/catkin_ws/devel/share/roseus/ros/mg_msgs/msg/follow_PVAJS_trajectoryActionFeedback.l)
Linked: (/home/locus/CDUS-Cam-Node/catkin_ws/devel/.private/mg_msgs/share/roseus/ros/mg_msgs/msg/Ephemeris.l, /home/locus/CDUS-Cam-Node/catkin_ws/devel/share/roseus/ros/mg_msgs/msg/Ephemeris.l)
Linked: (/home/locus/CDUS-Cam-Node/catkin_ws/devel/.private/mg_msgs/share/roseus/ros/mg_msgs/msg/TxId.l, /home/locus/CDUS-Cam-Node/catkin_ws/devel/share/roseus/ros/mg_msgs/msg/TxId.l)
Linked: (/home/locus/CDUS-Cam-Node/catkin_ws/devel/.private/mg_msgs/share/roseus/ros/mg_msgs/msg/TransmitterInfo.l, /home/locus/CDUS-Cam-Node/catkin_ws/devel/share/roseus/ros/mg_msgs/msg/TransmitterInfo.l)
Linked: (/home/locus/CDUS-Cam-Node/catkin_ws/devel/.private/mg_msgs/share/roseus/ros/mg_msgs/msg/RadarTarget.l, /home/locus/CDUS-Cam-Node/catkin_ws/devel/share/roseus/ros/mg_msgs/msg/RadarTarget.l)
Linked: (/home/locus/CDUS-Cam-Node/catkin_ws/devel/.private/mg_msgs/share/roseus/ros/mg_msgs/msg/GPStoUTC.l, /home/locus/CDUS-Cam-Node/catkin_ws/devel/share/roseus/ros/mg_msgs/msg/GPStoUTC.l)
Linked: (/home/locus/CDUS-Cam-Node/catkin_ws/devel/.private/mg_msgs/share/roseus/ros/mg_msgs/msg/PVA.l, /home/locus/CDUS-Cam-Node/catkin_ws/devel/share/roseus/ros/mg_msgs/msg/PVA.l)
Linked: (/home/locus/CDUS-Cam-Node/catkin_ws/devel/.private/mg_msgs/share/roseus/ros/mg_msgs/msg/Coda.l, /home/locus/CDUS-Cam-Node/catkin_ws/devel/share/roseus/ros/mg_msgs/msg/Coda.l)
Linked: (/home/locus/CDUS-Cam-Node/catkin_ws/devel/.private/mg_msgs/share/roseus/ros/mg_msgs/msg/follow_PVAJS_trajectoryGoal.l, /home/locus/CDUS-Cam-Node/catkin_ws/devel/share/roseus/ros/mg_msgs/msg/follow_PVAJS_trajectoryGoal.l)
Linked: (/home/locus/CDUS-Cam-Node/catkin_ws/devel/.private/mg_msgs/share/roseus/ros/mg_msgs/msg/MultiBaselineRTKAttitude2D.l, /home/locus/CDUS-Cam-Node/catkin_ws/devel/share/roseus/ros/mg_msgs/msg/MultiBaselineRTKAttitude2D.l)
Linked: (/home/locus/CDUS-Cam-Node/catkin_ws/devel/.private/mg_msgs/share/roseus/ros/mg_msgs/msg/SingleBaselineRTK.l, /home/locus/CDUS-Cam-Node/catkin_ws/devel/share/roseus/ros/mg_msgs/msg/SingleBaselineRTK.l)
Linked: (/home/locus/CDUS-Cam-Node/catkin_ws/devel/.private/mg_msgs/share/roseus/ros/mg_msgs/msg/follow_PolyPVA_XY_trajectoryActionGoal.l, /home/locus/CDUS-Cam-Node/catkin_ws/devel/share/roseus/ros/mg_msgs/msg/follow_PolyPVA_XY_trajectoryActionGoal.l)
Linked: (/home/locus/CDUS-Cam-Node/catkin_ws/devel/.private/mg_msgs/share/roseus/ros/mg_msgs/msg/Info.l, /home/locus/CDUS-Cam-Node/catkin_ws/devel/share/roseus/ros/mg_msgs/msg/Info.l)
Linked: (/home/locus/CDUS-Cam-Node/catkin_ws/devel/.private/mg_msgs/share/roseus/ros/mg_msgs/msg/follow_PVAJS_trajectoryResult.l, /home/locus/CDUS-Cam-Node/catkin_ws/devel/share/roseus/ros/mg_msgs/msg/follow_PVAJS_trajectoryResult.l)
Linked: (/home/locus/CDUS-Cam-Node/catkin_ws/devel/.private/mg_msgs/share/roseus/ros/mg_msgs/msg/Imu.l, /home/locus/CDUS-Cam-Node/catkin_ws/devel/share/roseus/ros/mg_msgs/msg/Imu.l)
Linked: (/home/locus/CDUS-Cam-Node/catkin_ws/devel/.private/mg_msgs/share/roseus/ros/mg_msgs/msg/Status.l, /home/locus/CDUS-Cam-Node/catkin_ws/devel/share/roseus/ros/mg_msgs/msg/Status.l)
Linked: (/home/locus/CDUS-Cam-Node/catkin_ws/devel/.private/mg_msgs/share/roseus/ros/mg_msgs/srv/updatePx4param.l, /home/locus/CDUS-Cam-Node/catkin_ws/devel/share/roseus/ros/mg_msgs/srv/updatePx4param.l)
Linked: (/home/locus/CDUS-Cam-Node/catkin_ws/devel/.private/mg_msgs/share/roseus/ros/mg_msgs/srv/SetQuadBool.l, /home/locus/CDUS-Cam-Node/catkin_ws/devel/share/roseus/ros/mg_msgs/srv/SetQuadBool.l)
Linked: (/home/locus/CDUS-Cam-Node/catkin_ws/devel/.private/mg_msgs/share/roseus/ros/mg_msgs/srv/minAccXYWpPVA.l, /home/locus/CDUS-Cam-Node/catkin_ws/devel/share/roseus/ros/mg_msgs/srv/minAccXYWpPVA.l)
Linked: (/home/locus/CDUS-Cam-Node/catkin_ws/devel/.private/mg_msgs/share/roseus/ros/mg_msgs/srv/RequestRelativePoseBatch.l, /home/locus/CDUS-Cam-Node/catkin_ws/devel/share/roseus/ros/mg_msgs/srv/RequestRelativePoseBatch.l)
Linked: (/home/locus/CDUS-Cam-Node/catkin_ws/devel/.private/mg_msgs/share/roseus/ros/mg_msgs/srv/SetInteger.l, /home/locus/CDUS-Cam-Node/catkin_ws/devel/share/roseus/ros/mg_msgs/srv/SetInteger.l)
Linked: (/home/locus/CDUS-Cam-Node/catkin_ws/devel/.private/mg_msgs/share/roseus/ros/mg_msgs/srv/minSnapWpPVAJ.l, /home/locus/CDUS-Cam-Node/catkin_ws/devel/share/roseus/ros/mg_msgs/srv/minSnapWpPVAJ.l)
Linked: (/home/locus/CDUS-Cam-Node/catkin_ws/devel/.private/mg_msgs/share/roseus/ros/mg_msgs/srv/set_strings.l, /home/locus/CDUS-Cam-Node/catkin_ws/devel/share/roseus/ros/mg_msgs/srv/set_strings.l)
Linked: (/home/locus/CDUS-Cam-Node/catkin_ws/devel/.private/mg_msgs/share/roseus/ros/mg_msgs/srv/minSnapWpStamped.l, /home/locus/CDUS-Cam-Node/catkin_ws/devel/share/roseus/ros/mg_msgs/srv/minSnapWpStamped.l)
Linked: (/home/locus/CDUS-Cam-Node/catkin_ws/devel/.private/mg_msgs/share/common-lisp/ros/mg_msgs/msg/GPStoUTC.lisp, /home/locus/CDUS-Cam-Node/catkin_ws/devel/share/common-lisp/ros/mg_msgs/msg/GPStoUTC.lisp)
Linked: (/home/locus/CDUS-Cam-Node/catkin_ws/devel/.private/mg_msgs/share/common-lisp/ros/mg_msgs/msg/Almanac.lisp, /home/locus/CDUS-Cam-Node/catkin_ws/devel/share/common-lisp/ros/mg_msgs/msg/Almanac.lisp)
Linked: (/home/locus/CDUS-Cam-Node/catkin_ws/devel/.private/mg_msgs/share/common-lisp/ros/mg_msgs/msg/_package_follow_PolyPVA_XY_trajectoryAction.lisp, /home/locus/CDUS-Cam-Node/catkin_ws/devel/share/common-lisp/ros/mg_msgs/msg/_package_follow_PolyPVA_XY_trajectoryAction.lisp)
Linked: (/home/locus/CDUS-Cam-Node/catkin_ws/devel/.private/mg_msgs/share/common-lisp/ros/mg_msgs/msg/NavigationSolution.lisp, /home/locus/CDUS-Cam-Node/catkin_ws/devel/share/common-lisp/ros/mg_msgs/msg/NavigationSolution.lisp)
Linked: (/home/locus/CDUS-Cam-Node/catkin_ws/devel/.private/mg_msgs/share/common-lisp/ros/mg_msgs/msg/_package_NavigationSolution.lisp, /home/locus/CDUS-Cam-Node/catkin_ws/devel/share/common-lisp/ros/mg_msgs/msg/_package_NavigationSolution.lisp)
Linked: (/home/locus/CDUS-Cam-Node/catkin_ws/devel/.private/mg_msgs/share/common-lisp/ros/mg_msgs/msg/_package_Imu.lisp, /home/locus/CDUS-Cam-Node/catkin_ws/devel/share/common-lisp/ros/mg_msgs/msg/_package_Imu.lisp)
Linked: (/home/locus/CDUS-Cam-Node/catkin_ws/devel/.private/mg_msgs/share/common-lisp/ros/mg_msgs/msg/_package_follow_PolyPVA_XY_trajectoryActionFeedback.lisp, /home/locus/CDUS-Cam-Node/catkin_ws/devel/share/common-lisp/ros/mg_msgs/msg/_package_follow_PolyPVA_XY_trajectoryActionFeedback.lisp)
Linked: (/home/locus/CDUS-Cam-Node/catkin_ws/devel/.private/mg_msgs/share/common-lisp/ros/mg_msgs/msg/BaseTime.lisp, /home/locus/CDUS-Cam-Node/catkin_ws/devel/share/common-lisp/ros/mg_msgs/msg/BaseTime.lisp)
Linked: (/home/locus/CDUS-Cam-Node/catkin_ws/devel/.private/mg_msgs/share/common-lisp/ros/mg_msgs/msg/Status.lisp, /home/locus/CDUS-Cam-Node/catkin_ws/devel/share/common-lisp/ros/mg_msgs/msg/Status.lisp)
Linked: (/home/locus/CDUS-Cam-Node/catkin_ws/devel/.private/mg_msgs/share/common-lisp/ros/mg_msgs/msg/Info.lisp, /home/locus/CDUS-Cam-Node/catkin_ws/devel/share/common-lisp/ros/mg_msgs/msg/Info.lisp)
Linked: (/home/locus/CDUS-Cam-Node/catkin_ws/devel/.private/mg_msgs/share/common-lisp/ros/mg_msgs/msg/WifiStatus.lisp, /home/locus/CDUS-Cam-Node/catkin_ws/devel/share/common-lisp/ros/mg_msgs/msg/WifiStatus.lisp)
Linked: (/home/locus/CDUS-Cam-Node/catkin_ws/devel/.private/mg_msgs/share/common-lisp/ros/mg_msgs/msg/_package_PingStatus.lisp, /home/locus/CDUS-Cam-Node/catkin_ws/devel/share/common-lisp/ros/mg_msgs/msg/_package_PingStatus.lisp)
Linked: (/home/locus/CDUS-Cam-Node/catkin_ws/devel/.private/mg_msgs/share/common-lisp/ros/mg_msgs/msg/follow_PolyPVA_XY_trajectoryActionResult.lisp, /home/locus/CDUS-Cam-Node/catkin_ws/devel/share/common-lisp/ros/mg_msgs/msg/follow_PolyPVA_XY_trajectoryActionResult.lisp)
Linked: (/home/locus/CDUS-Cam-Node/catkin_ws/devel/.private/mg_msgs/share/common-lisp/ros/mg_msgs/msg/PVA_request.lisp, /home/locus/CDUS-Cam-Node/catkin_ws/devel/share/common-lisp/ros/mg_msgs/msg/PVA_request.lisp)
Linked: (/home/locus/CDUS-Cam-Node/catkin_ws/devel/.private/mg_msgs/share/common-lisp/ros/mg_msgs/msg/_package_Ephemeris.lisp, /home/locus/CDUS-Cam-Node/catkin_ws/devel/share/common-lisp/ros/mg_msgs/msg/_package_Ephemeris.lisp)
Linked: (/home/locus/CDUS-Cam-Node/catkin_ws/devel/.private/mg_msgs/share/common-lisp/ros/mg_msgs/msg/_package_WifiStatus.lisp, /home/locus/CDUS-Cam-Node/catkin_ws/devel/share/common-lisp/ros/mg_msgs/msg/_package_WifiStatus.lisp)
Linked: (/home/locus/CDUS-Cam-Node/catkin_ws/devel/.private/mg_msgs/share/common-lisp/ros/mg_msgs/msg/follow_PolyPVA_XY_trajectoryGoal.lisp, /home/locus/CDUS-Cam-Node/catkin_ws/devel/share/common-lisp/ros/mg_msgs/msg/follow_PolyPVA_XY_trajectoryGoal.lisp)
Linked: (/home/locus/CDUS-Cam-Node/catkin_ws/devel/.private/mg_msgs/share/common-lisp/ros/mg_msgs/msg/Bitcontainer.lisp, /home/locus/CDUS-Cam-Node/catkin_ws/devel/share/common-lisp/ros/mg_msgs/msg/Bitcontainer.lisp)
Linked: (/home/locus/CDUS-Cam-Node/catkin_ws/devel/.private/mg_msgs/share/common-lisp/ros/mg_msgs/msg/ObservablesMeasurementTime.lisp, /home/locus/CDUS-Cam-Node/catkin_ws/devel/share/common-lisp/ros/mg_msgs/msg/ObservablesMeasurementTime.lisp)
Linked: (/home/locus/CDUS-Cam-Node/catkin_ws/devel/.private/mg_msgs/share/common-lisp/ros/mg_msgs/msg/_package_PVA_request.lisp, /home/locus/CDUS-Cam-Node/catkin_ws/devel/share/common-lisp/ros/mg_msgs/msg/_package_PVA_request.lisp)
Linked: (/home/locus/CDUS-Cam-Node/catkin_ws/devel/.private/mg_msgs/share/common-lisp/ros/mg_msgs/msg/PolyPVA.lisp, /home/locus/CDUS-Cam-Node/catkin_ws/devel/share/common-lisp/ros/mg_msgs/msg/PolyPVA.lisp)
Linked: (/home/locus/CDUS-Cam-Node/catkin_ws/devel/.private/mg_msgs/share/common-lisp/ros/mg_msgs/msg/_package_PVAJ_request.lisp, /home/locus/CDUS-Cam-Node/catkin_ws/devel/share/common-lisp/ros/mg_msgs/msg/_package_PVAJ_request.lisp)
Linked: (/home/locus/CDUS-Cam-Node/catkin_ws/devel/.private/mg_msgs/share/common-lisp/ros/mg_msgs/msg/PVA_array.lisp, /home/locus/CDUS-Cam-Node/catkin_ws/devel/share/common-lisp/ros/mg_msgs/msg/PVA_array.lisp)
Linked: (/home/locus/CDUS-Cam-Node/catkin_ws/devel/.private/mg_msgs/share/common-lisp/ros/mg_msgs/msg/follow_PolyPVA_XY_trajectoryFeedback.lisp, /home/locus/CDUS-Cam-Node/catkin_ws/devel/share/common-lisp/ros/mg_msgs/msg/follow_PolyPVA_XY_trajectoryFeedback.lisp)
Linked: (/home/locus/CDUS-Cam-Node/catkin_ws/devel/.private/mg_msgs/share/common-lisp/ros/mg_msgs/msg/GnssObservablesSegment.lisp, /home/locus/CDUS-Cam-Node/catkin_ws/devel/share/common-lisp/ros/mg_msgs/msg/GnssObservablesSegment.lisp)
Linked: (/home/locus/CDUS-Cam-Node/catkin_ws/devel/.private/mg_msgs/share/common-lisp/ros/mg_msgs/msg/GnssObservables.lisp, /home/locus/CDUS-Cam-Node/catkin_ws/devel/share/common-lisp/ros/mg_msgs/msg/GnssObservables.lisp)
Linked: (/home/locus/CDUS-Cam-Node/catkin_ws/devel/.private/mg_msgs/share/common-lisp/ros/mg_msgs/msg/_package_Coda.lisp, /home/locus/CDUS-Cam-Node/catkin_ws/devel/share/common-lisp/ros/mg_msgs/msg/_package_Coda.lisp)
Linked: (/home/locus/CDUS-Cam-Node/catkin_ws/devel/.private/mg_msgs/share/common-lisp/ros/mg_msgs/msg/follow_PolyPVA_XY_trajectoryActionGoal.lisp, /home/locus/CDUS-Cam-Node/catkin_ws/devel/share/common-lisp/ros/mg_msgs/msg/follow_PolyPVA_XY_trajectoryActionGoal.lisp)
Linked: (/home/locus/CDUS-Cam-Node/catkin_ws/devel/.private/mg_msgs/share/common-lisp/ros/mg_msgs/msg/_package_RadarTarget.lisp, /home/locus/CDUS-Cam-Node/catkin_ws/devel/share/common-lisp/ros/mg_msgs/msg/_package_RadarTarget.lisp)
Linked: (/home/locus/CDUS-Cam-Node/catkin_ws/devel/.private/mg_msgs/share/common-lisp/ros/mg_msgs/msg/follow_PolyPVA_XY_trajectoryAction.lisp, /home/locus/CDUS-Cam-Node/catkin_ws/devel/share/common-lisp/ros/mg_msgs/msg/follow_PolyPVA_XY_trajectoryAction.lisp)
Linked: (/home/locus/CDUS-Cam-Node/catkin_ws/devel/.private/mg_msgs/share/common-lisp/ros/mg_msgs/msg/GameState.lisp, /home/locus/CDUS-Cam-Node/catkin_ws/devel/share/common-lisp/ros/mg_msgs/msg/GameState.lisp)
Linked: (/home/locus/CDUS-Cam-Node/catkin_ws/devel/.private/mg_msgs/share/common-lisp/ros/mg_msgs/msg/_package_PVATrajectory.lisp, /home/locus/CDUS-Cam-Node/catkin_ws/devel/share/common-lisp/ros/mg_msgs/msg/_package_PVATrajectory.lisp)
Linked: (/home/locus/CDUS-Cam-Node/catkin_ws/devel/.private/mg_msgs/share/common-lisp/ros/mg_msgs/msg/_package_GnssObservablesSegment.lisp, /home/locus/CDUS-Cam-Node/catkin_ws/devel/share/common-lisp/ros/mg_msgs/msg/_package_GnssObservablesSegment.lisp)
Linked: (/home/locus/CDUS-Cam-Node/catkin_ws/devel/.private/mg_msgs/share/common-lisp/ros/mg_msgs/msg/Ephemeris.lisp, /home/locus/CDUS-Cam-Node/catkin_ws/devel/share/common-lisp/ros/mg_msgs/msg/Ephemeris.lisp)
Linked: (/home/locus/CDUS-Cam-Node/catkin_ws/devel/.private/mg_msgs/share/common-lisp/ros/mg_msgs/msg/follow_PVAJS_trajectoryAction.lisp, /home/locus/CDUS-Cam-Node/catkin_ws/devel/share/common-lisp/ros/mg_msgs/msg/follow_PVAJS_trajectoryAction.lisp)
Linked: (/home/locus/CDUS-Cam-Node/catkin_ws/devel/.private/mg_msgs/share/common-lisp/ros/mg_msgs/msg/PVAJ_request.lisp, /home/locus/CDUS-Cam-Node/catkin_ws/devel/share/common-lisp/ros/mg_msgs/msg/PVAJ_request.lisp)
Linked: (/home/locus/CDUS-Cam-Node/catkin_ws/devel/.private/mg_msgs/share/common-lisp/ros/mg_msgs/msg/TriggerTime.lisp, /home/locus/CDUS-Cam-Node/catkin_ws/devel/share/common-lisp/ros/mg_msgs/msg/TriggerTime.lisp)
Linked: (/home/locus/CDUS-Cam-Node/catkin_ws/devel/.private/mg_msgs/share/common-lisp/ros/mg_msgs/msg/_package_Radar.lisp, /home/locus/CDUS-Cam-Node/catkin_ws/devel/share/common-lisp/ros/mg_msgs/msg/_package_Radar.lisp)
Linked: (/home/locus/CDUS-Cam-Node/catkin_ws/devel/.private/mg_msgs/share/common-lisp/ros/mg_msgs/msg/MultiBaselineRTKAttitude3D.lisp, /home/locus/CDUS-Cam-Node/catkin_ws/devel/share/common-lisp/ros/mg_msgs/msg/MultiBaselineRTKAttitude3D.lisp)
Linked: (/home/locus/CDUS-Cam-Node/catkin_ws/devel/.private/mg_msgs/share/common-lisp/ros/mg_msgs/msg/_package_follow_PVAJS_trajectoryActionFeedback.lisp, /home/locus/CDUS-Cam-Node/catkin_ws/devel/share/common-lisp/ros/mg_msgs/msg/_package_follow_PVAJS_trajectoryActionFeedback.lisp)
Linked: (/home/locus/CDUS-Cam-Node/catkin_ws/devel/.private/mg_msgs/share/common-lisp/ros/mg_msgs/msg/_package_Attitude3D.lisp, /home/locus/CDUS-Cam-Node/catkin_ws/devel/share/common-lisp/ros/mg_msgs/msg/_package_Attitude3D.lisp)
Linked: (/home/locus/CDUS-Cam-Node/catkin_ws/devel/.private/mg_msgs/share/common-lisp/ros/mg_msgs/msg/_package_Info.lisp, /home/locus/CDUS-Cam-Node/catkin_ws/devel/share/common-lisp/ros/mg_msgs/msg/_package_Info.lisp)
Linked: (/home/locus/CDUS-Cam-Node/catkin_ws/devel/.private/mg_msgs/share/common-lisp/ros/mg_msgs/msg/PVATrajectory.lisp, /home/locus/CDUS-Cam-Node/catkin_ws/devel/share/common-lisp/ros/mg_msgs/msg/PVATrajectory.lisp)
Linked: (/home/locus/CDUS-Cam-Node/catkin_ws/devel/.private/mg_msgs/share/common-lisp/ros/mg_msgs/msg/follow_PVAJS_trajectoryActionFeedback.lisp, /home/locus/CDUS-Cam-Node/catkin_ws/devel/share/common-lisp/ros/mg_msgs/msg/follow_PVAJS_trajectoryActionFeedback.lisp)
Linked: (/home/locus/CDUS-Cam-Node/catkin_ws/devel/.private/mg_msgs/share/common-lisp/ros/mg_msgs/msg/ImuConfig.lisp, /home/locus/CDUS-Cam-Node/catkin_ws/devel/share/common-lisp/ros/mg_msgs/msg/ImuConfig.lisp)
Linked: (/home/locus/CDUS-Cam-Node/catkin_ws/devel/.private/mg_msgs/share/common-lisp/ros/mg_msgs/msg/_package_follow_PVAJS_trajectoryActionResult.lisp, /home/locus/CDUS-Cam-Node/catkin_ws/devel/share/common-lisp/ros/mg_msgs/msg/_package_follow_PVAJS_trajectoryActionResult.lisp)
Linked: (/home/locus/CDUS-Cam-Node/catkin_ws/devel/.private/mg_msgs/share/common-lisp/ros/mg_msgs/msg/follow_PVAJS_trajectoryGoal.lisp, /home/locus/CDUS-Cam-Node/catkin_ws/devel/share/common-lisp/ros/mg_msgs/msg/follow_PVAJS_trajectoryGoal.lisp)
Linked: (/home/locus/CDUS-Cam-Node/catkin_ws/devel/.private/mg_msgs/share/common-lisp/ros/mg_msgs/msg/_package_follow_PVAJS_trajectoryGoal.lisp, /home/locus/CDUS-Cam-Node/catkin_ws/devel/share/common-lisp/ros/mg_msgs/msg/_package_follow_PVAJS_trajectoryGoal.lisp)
Linked: (/home/locus/CDUS-Cam-Node/catkin_ws/devel/.private/mg_msgs/share/common-lisp/ros/mg_msgs/msg/Attitude2D.lisp, /home/locus/CDUS-Cam-Node/catkin_ws/devel/share/common-lisp/ros/mg_msgs/msg/Attitude2D.lisp)
Linked: (/home/locus/CDUS-Cam-Node/catkin_ws/devel/.private/mg_msgs/share/common-lisp/ros/mg_msgs/msg/follow_PVAJS_trajectoryActionGoal.lisp, /home/locus/CDUS-Cam-Node/catkin_ws/devel/share/common-lisp/ros/mg_msgs/msg/follow_PVAJS_trajectoryActionGoal.lisp)
Linked: (/home/locus/CDUS-Cam-Node/catkin_ws/devel/.private/mg_msgs/share/common-lisp/ros/mg_msgs/msg/Imu.lisp, /home/locus/CDUS-Cam-Node/catkin_ws/devel/share/common-lisp/ros/mg_msgs/msg/Imu.lisp)
Linked: (/home/locus/CDUS-Cam-Node/catkin_ws/devel/.private/mg_msgs/share/common-lisp/ros/mg_msgs/msg/_package_Attitude2D.lisp, /home/locus/CDUS-Cam-Node/catkin_ws/devel/share/common-lisp/ros/mg_msgs/msg/_package_Attitude2D.lisp)
Linked: (/home/locus/CDUS-Cam-Node/catkin_ws/devel/.private/mg_msgs/share/common-lisp/ros/mg_msgs/msg/mg_msgs-msg.asd, /home/locus/CDUS-Cam-Node/catkin_ws/devel/share/common-lisp/ros/mg_msgs/msg/mg_msgs-msg.asd)
Linked: (/home/locus/CDUS-Cam-Node/catkin_ws/devel/.private/mg_msgs/share/common-lisp/ros/mg_msgs/msg/_package_GPStoUTC.lisp, /home/locus/CDUS-Cam-Node/catkin_ws/devel/share/common-lisp/ros/mg_msgs/msg/_package_GPStoUTC.lisp)
Linked: (/home/locus/CDUS-Cam-Node/catkin_ws/devel/.private/mg_msgs/share/common-lisp/ros/mg_msgs/msg/_package_PVAJS_array.lisp, /home/locus/CDUS-Cam-Node/catkin_ws/devel/share/common-lisp/ros/mg_msgs/msg/_package_PVAJS_array.lisp)
Linked: (/home/locus/CDUS-Cam-Node/catkin_ws/devel/.private/mg_msgs/share/common-lisp/ros/mg_msgs/msg/_package_follow_PolyPVA_XY_trajectoryActionGoal.lisp, /home/locus/CDUS-Cam-Node/catkin_ws/devel/share/common-lisp/ros/mg_msgs/msg/_package_follow_PolyPVA_XY_trajectoryActionGoal.lisp)
Linked: (/home/locus/CDUS-Cam-Node/catkin_ws/devel/.private/mg_msgs/share/common-lisp/ros/mg_msgs/msg/_package_PVAJS.lisp, /home/locus/CDUS-Cam-Node/catkin_ws/devel/share/common-lisp/ros/mg_msgs/msg/_package_PVAJS.lisp)
Linked: (/home/locus/CDUS-Cam-Node/catkin_ws/devel/.private/mg_msgs/share/common-lisp/ros/mg_msgs/msg/_package_follow_PVAJS_trajectoryAction.lisp, /home/locus/CDUS-Cam-Node/catkin_ws/devel/share/common-lisp/ros/mg_msgs/msg/_package_follow_PVAJS_trajectoryAction.lisp)
Linked: (/home/locus/CDUS-Cam-Node/catkin_ws/devel/.private/mg_msgs/share/common-lisp/ros/mg_msgs/msg/_package_BaseTime.lisp, /home/locus/CDUS-Cam-Node/catkin_ws/devel/share/common-lisp/ros/mg_msgs/msg/_package_BaseTime.lisp)
Linked: (/home/locus/CDUS-Cam-Node/catkin_ws/devel/.private/mg_msgs/share/common-lisp/ros/mg_msgs/msg/_package_follow_PolyPVA_XY_trajectoryActionResult.lisp, /home/locus/CDUS-Cam-Node/catkin_ws/devel/share/common-lisp/ros/mg_msgs/msg/_package_follow_PolyPVA_XY_trajectoryActionResult.lisp)
Linked: (/home/locus/CDUS-Cam-Node/catkin_ws/devel/.private/mg_msgs/share/common-lisp/ros/mg_msgs/msg/Attitude3D.lisp, /home/locus/CDUS-Cam-Node/catkin_ws/devel/share/common-lisp/ros/mg_msgs/msg/Attitude3D.lisp)
Linked: (/home/locus/CDUS-Cam-Node/catkin_ws/devel/.private/mg_msgs/share/common-lisp/ros/mg_msgs/msg/_package_Polynomial.lisp, /home/locus/CDUS-Cam-Node/catkin_ws/devel/share/common-lisp/ros/mg_msgs/msg/_package_Polynomial.lisp)
Linked: (/home/locus/CDUS-Cam-Node/catkin_ws/devel/.private/mg_msgs/share/common-lisp/ros/mg_msgs/msg/_package_MultiBaselineRTKAttitude3D.lisp, /home/locus/CDUS-Cam-Node/catkin_ws/devel/share/common-lisp/ros/mg_msgs/msg/_package_MultiBaselineRTKAttitude3D.lisp)
Linked: (/home/locus/CDUS-Cam-Node/catkin_ws/devel/.private/mg_msgs/share/common-lisp/ros/mg_msgs/msg/follow_PolyPVA_XY_trajectoryActionFeedback.lisp, /home/locus/CDUS-Cam-Node/catkin_ws/devel/share/common-lisp/ros/mg_msgs/msg/follow_PolyPVA_XY_trajectoryActionFeedback.lisp)
Linked: (/home/locus/CDUS-Cam-Node/catkin_ws/devel/.private/mg_msgs/share/common-lisp/ros/mg_msgs/msg/_package_follow_PolyPVA_XY_trajectoryResult.lisp, /home/locus/CDUS-Cam-Node/catkin_ws/devel/share/common-lisp/ros/mg_msgs/msg/_package_follow_PolyPVA_XY_trajectoryResult.lisp)
Linked: (/home/locus/CDUS-Cam-Node/catkin_ws/devel/.private/mg_msgs/share/common-lisp/ros/mg_msgs/msg/_package_RadarConfig.lisp, /home/locus/CDUS-Cam-Node/catkin_ws/devel/share/common-lisp/ros/mg_msgs/msg/_package_RadarConfig.lisp)
Linked: (/home/locus/CDUS-Cam-Node/catkin_ws/devel/.private/mg_msgs/share/common-lisp/ros/mg_msgs/msg/_package_ImuConfig.lisp, /home/locus/CDUS-Cam-Node/catkin_ws/devel/share/common-lisp/ros/mg_msgs/msg/_package_ImuConfig.lisp)
Linked: (/home/locus/CDUS-Cam-Node/catkin_ws/devel/.private/mg_msgs/share/common-lisp/ros/mg_msgs/msg/TransmitterInfo.lisp, /home/locus/CDUS-Cam-Node/catkin_ws/devel/share/common-lisp/ros/mg_msgs/msg/TransmitterInfo.lisp)
Linked: (/home/locus/CDUS-Cam-Node/catkin_ws/devel/.private/mg_msgs/share/common-lisp/ros/mg_msgs/msg/_package.lisp, /home/locus/CDUS-Cam-Node/catkin_ws/devel/share/common-lisp/ros/mg_msgs/msg/_package.lisp)
Linked: (/home/locus/CDUS-Cam-Node/catkin_ws/devel/.private/mg_msgs/share/common-lisp/ros/mg_msgs/msg/_package_Status.lisp, /home/locus/CDUS-Cam-Node/catkin_ws/devel/share/common-lisp/ros/mg_msgs/msg/_package_Status.lisp)
Linked: (/home/locus/CDUS-Cam-Node/catkin_ws/devel/.private/mg_msgs/share/common-lisp/ros/mg_msgs/msg/_package_BalloonInfo.lisp, /home/locus/CDUS-Cam-Node/catkin_ws/devel/share/common-lisp/ros/mg_msgs/msg/_package_BalloonInfo.lisp)
Linked: (/home/locus/CDUS-Cam-Node/catkin_ws/devel/.private/mg_msgs/share/common-lisp/ros/mg_msgs/msg/StatusMessage.lisp, /home/locus/CDUS-Cam-Node/catkin_ws/devel/share/common-lisp/ros/mg_msgs/msg/StatusMessage.lisp)
Linked: (/home/locus/CDUS-Cam-Node/catkin_ws/devel/.private/mg_msgs/share/common-lisp/ros/mg_msgs/msg/follow_PVAJS_trajectoryFeedback.lisp, /home/locus/CDUS-Cam-Node/catkin_ws/devel/share/common-lisp/ros/mg_msgs/msg/follow_PVAJS_trajectoryFeedback.lisp)
Linked: (/home/locus/CDUS-Cam-Node/catkin_ws/devel/.private/mg_msgs/share/common-lisp/ros/mg_msgs/msg/PVA_Stamped.lisp, /home/locus/CDUS-Cam-Node/catkin_ws/devel/share/common-lisp/ros/mg_msgs/msg/PVA_Stamped.lisp)
Linked: (/home/locus/CDUS-Cam-Node/catkin_ws/devel/.private/mg_msgs/share/common-lisp/ros/mg_msgs/msg/_package_follow_PolyPVA_XY_trajectoryFeedback.lisp, /home/locus/CDUS-Cam-Node/catkin_ws/devel/share/common-lisp/ros/mg_msgs/msg/_package_follow_PolyPVA_XY_trajectoryFeedback.lisp)
Linked: (/home/locus/CDUS-Cam-Node/catkin_ws/devel/.private/mg_msgs/share/common-lisp/ros/mg_msgs/msg/PVAJS_array.lisp, /home/locus/CDUS-Cam-Node/catkin_ws/devel/share/common-lisp/ros/mg_msgs/msg/PVAJS_array.lisp)
Linked: (/home/locus/CDUS-Cam-Node/catkin_ws/devel/.private/mg_msgs/share/common-lisp/ros/mg_msgs/msg/_package_TriggerTime.lisp, /home/locus/CDUS-Cam-Node/catkin_ws/devel/share/common-lisp/ros/mg_msgs/msg/_package_TriggerTime.lisp)
Linked: (/home/locus/CDUS-Cam-Node/catkin_ws/devel/.private/mg_msgs/share/common-lisp/ros/mg_msgs/msg/_package_follow_PVAJS_trajectoryActionGoal.lisp, /home/locus/CDUS-Cam-Node/catkin_ws/devel/share/common-lisp/ros/mg_msgs/msg/_package_follow_PVAJS_trajectoryActionGoal.lisp)
Linked: (/home/locus/CDUS-Cam-Node/catkin_ws/devel/.private/mg_msgs/share/common-lisp/ros/mg_msgs/msg/_package_TxId.lisp, /home/locus/CDUS-Cam-Node/catkin_ws/devel/share/common-lisp/ros/mg_msgs/msg/_package_TxId.lisp)
Linked: (/home/locus/CDUS-Cam-Node/catkin_ws/devel/.private/mg_msgs/share/common-lisp/ros/mg_msgs/msg/PVA.lisp, /home/locus/CDUS-Cam-Node/catkin_ws/devel/share/common-lisp/ros/mg_msgs/msg/PVA.lisp)
Linked: (/home/locus/CDUS-Cam-Node/catkin_ws/devel/.private/mg_msgs/share/common-lisp/ros/mg_msgs/msg/Radar.lisp, /home/locus/CDUS-Cam-Node/catkin_ws/devel/share/common-lisp/ros/mg_msgs/msg/Radar.lisp)
Linked: (/home/locus/CDUS-Cam-Node/catkin_ws/devel/.private/mg_msgs/share/common-lisp/ros/mg_msgs/msg/_package_PVA.lisp, /home/locus/CDUS-Cam-Node/catkin_ws/devel/share/common-lisp/ros/mg_msgs/msg/_package_PVA.lisp)
Linked: (/home/locus/CDUS-Cam-Node/catkin_ws/devel/.private/mg_msgs/share/common-lisp/ros/mg_msgs/msg/follow_PolyPVA_XY_trajectoryResult.lisp, /home/locus/CDUS-Cam-Node/catkin_ws/devel/share/common-lisp/ros/mg_msgs/msg/follow_PolyPVA_XY_trajectoryResult.lisp)
Linked: (/home/locus/CDUS-Cam-Node/catkin_ws/devel/.private/mg_msgs/share/common-lisp/ros/mg_msgs/msg/_package_follow_PolyPVA_XY_trajectoryGoal.lisp, /home/locus/CDUS-Cam-Node/catkin_ws/devel/share/common-lisp/ros/mg_msgs/msg/_package_follow_PolyPVA_XY_trajectoryGoal.lisp)
Linked: (/home/locus/CDUS-Cam-Node/catkin_ws/devel/.private/mg_msgs/share/common-lisp/ros/mg_msgs/msg/_package_SingleBaselineRTK.lisp, /home/locus/CDUS-Cam-Node/catkin_ws/devel/share/common-lisp/ros/mg_msgs/msg/_package_SingleBaselineRTK.lisp)
Linked: (/home/locus/CDUS-Cam-Node/catkin_ws/devel/.private/mg_msgs/share/common-lisp/ros/mg_msgs/msg/BalloonInfo.lisp, /home/locus/CDUS-Cam-Node/catkin_ws/devel/share/common-lisp/ros/mg_msgs/msg/BalloonInfo.lisp)
Linked: (/home/locus/CDUS-Cam-Node/catkin_ws/devel/.private/mg_msgs/share/common-lisp/ros/mg_msgs/msg/PingStatus.lisp, /home/locus/CDUS-Cam-Node/catkin_ws/devel/share/common-lisp/ros/mg_msgs/msg/PingStatus.lisp)
Linked: (/home/locus/CDUS-Cam-Node/catkin_ws/devel/.private/mg_msgs/share/common-lisp/ros/mg_msgs/msg/TxId.lisp, /home/locus/CDUS-Cam-Node/catkin_ws/devel/share/common-lisp/ros/mg_msgs/msg/TxId.lisp)
Linked: (/home/locus/CDUS-Cam-Node/catkin_ws/devel/.private/mg_msgs/share/common-lisp/ros/mg_msgs/msg/MultiBaselineRTKAttitude2D.lisp, /home/locus/CDUS-Cam-Node/catkin_ws/devel/share/common-lisp/ros/mg_msgs/msg/MultiBaselineRTKAttitude2D.lisp)
Linked: (/home/locus/CDUS-Cam-Node/catkin_ws/devel/.private/mg_msgs/share/common-lisp/ros/mg_msgs/msg/Coda.lisp, /home/locus/CDUS-Cam-Node/catkin_ws/devel/share/common-lisp/ros/mg_msgs/msg/Coda.lisp)
Linked: (/home/locus/CDUS-Cam-Node/catkin_ws/devel/.private/mg_msgs/share/common-lisp/ros/mg_msgs/msg/TransmitterInfoSegment.lisp, /home/locus/CDUS-Cam-Node/catkin_ws/devel/share/common-lisp/ros/mg_msgs/msg/TransmitterInfoSegment.lisp)
Linked: (/home/locus/CDUS-Cam-Node/catkin_ws/devel/.private/mg_msgs/share/common-lisp/ros/mg_msgs/msg/_package_StatusMessage.lisp, /home/locus/CDUS-Cam-Node/catkin_ws/devel/share/common-lisp/ros/mg_msgs/msg/_package_StatusMessage.lisp)
Linked: (/home/locus/CDUS-Cam-Node/catkin_ws/devel/.private/mg_msgs/share/common-lisp/ros/mg_msgs/msg/follow_PVAJS_trajectoryActionResult.lisp, /home/locus/CDUS-Cam-Node/catkin_ws/devel/share/common-lisp/ros/mg_msgs/msg/follow_PVAJS_trajectoryActionResult.lisp)
Linked: (/home/locus/CDUS-Cam-Node/catkin_ws/devel/.private/mg_msgs/share/common-lisp/ros/mg_msgs/msg/_package_ObservablesMeasurementTime.lisp, /home/locus/CDUS-Cam-Node/catkin_ws/devel/share/common-lisp/ros/mg_msgs/msg/_package_ObservablesMeasurementTime.lisp)
Linked: (/home/locus/CDUS-Cam-Node/catkin_ws/devel/.private/mg_msgs/share/common-lisp/ros/mg_msgs/msg/follow_PVAJS_trajectoryResult.lisp, /home/locus/CDUS-Cam-Node/catkin_ws/devel/share/common-lisp/ros/mg_msgs/msg/follow_PVAJS_trajectoryResult.lisp)
Linked: (/home/locus/CDUS-Cam-Node/catkin_ws/devel/.private/mg_msgs/share/common-lisp/ros/mg_msgs/msg/_package_Bitcontainer.lisp, /home/locus/CDUS-Cam-Node/catkin_ws/devel/share/common-lisp/ros/mg_msgs/msg/_package_Bitcontainer.lisp)
Linked: (/home/locus/CDUS-Cam-Node/catkin_ws/devel/.private/mg_msgs/share/common-lisp/ros/mg_msgs/msg/_package_PVA_Stamped.lisp, /home/locus/CDUS-Cam-Node/catkin_ws/devel/share/common-lisp/ros/mg_msgs/msg/_package_PVA_Stamped.lisp)
Linked: (/home/locus/CDUS-Cam-Node/catkin_ws/devel/.private/mg_msgs/share/common-lisp/ros/mg_msgs/msg/_package_PVA_array.lisp, /home/locus/CDUS-Cam-Node/catkin_ws/devel/share/common-lisp/ros/mg_msgs/msg/_package_PVA_array.lisp)
Linked: (/home/locus/CDUS-Cam-Node/catkin_ws/devel/.private/mg_msgs/share/common-lisp/ros/mg_msgs/msg/_package_Almanac.lisp, /home/locus/CDUS-Cam-Node/catkin_ws/devel/share/common-lisp/ros/mg_msgs/msg/_package_Almanac.lisp)
Linked: (/home/locus/CDUS-Cam-Node/catkin_ws/devel/.private/mg_msgs/share/common-lisp/ros/mg_msgs/msg/_package_follow_PVAJS_trajectoryFeedback.lisp, /home/locus/CDUS-Cam-Node/catkin_ws/devel/share/common-lisp/ros/mg_msgs/msg/_package_follow_PVAJS_trajectoryFeedback.lisp)
Linked: (/home/locus/CDUS-Cam-Node/catkin_ws/devel/.private/mg_msgs/share/common-lisp/ros/mg_msgs/msg/_package_TransmitterInfo.lisp, /home/locus/CDUS-Cam-Node/catkin_ws/devel/share/common-lisp/ros/mg_msgs/msg/_package_TransmitterInfo.lisp)
Linked: (/home/locus/CDUS-Cam-Node/catkin_ws/devel/.private/mg_msgs/share/common-lisp/ros/mg_msgs/msg/RadarConfig.lisp, /home/locus/CDUS-Cam-Node/catkin_ws/devel/share/common-lisp/ros/mg_msgs/msg/RadarConfig.lisp)
Linked: (/home/locus/CDUS-Cam-Node/catkin_ws/devel/.private/mg_msgs/share/common-lisp/ros/mg_msgs/msg/_package_TransmitterInfoSegment.lisp, /home/locus/CDUS-Cam-Node/catkin_ws/devel/share/common-lisp/ros/mg_msgs/msg/_package_TransmitterInfoSegment.lisp)
Linked: (/home/locus/CDUS-Cam-Node/catkin_ws/devel/.private/mg_msgs/share/common-lisp/ros/mg_msgs/msg/_package_PolyPVA.lisp, /home/locus/CDUS-Cam-Node/catkin_ws/devel/share/common-lisp/ros/mg_msgs/msg/_package_PolyPVA.lisp)
Linked: (/home/locus/CDUS-Cam-Node/catkin_ws/devel/.private/mg_msgs/share/common-lisp/ros/mg_msgs/msg/_package_MultiBaselineRTKAttitude2D.lisp, /home/locus/CDUS-Cam-Node/catkin_ws/devel/share/common-lisp/ros/mg_msgs/msg/_package_MultiBaselineRTKAttitude2D.lisp)
Linked: (/home/locus/CDUS-Cam-Node/catkin_ws/devel/.private/mg_msgs/share/common-lisp/ros/mg_msgs/msg/SingleBaselineRTK.lisp, /home/locus/CDUS-Cam-Node/catkin_ws/devel/share/common-lisp/ros/mg_msgs/msg/SingleBaselineRTK.lisp)
Linked: (/home/locus/CDUS-Cam-Node/catkin_ws/devel/.private/mg_msgs/share/common-lisp/ros/mg_msgs/msg/_package_GameState.lisp, /home/locus/CDUS-Cam-Node/catkin_ws/devel/share/common-lisp/ros/mg_msgs/msg/_package_GameState.lisp)
Linked: (/home/locus/CDUS-Cam-Node/catkin_ws/devel/.private/mg_msgs/share/common-lisp/ros/mg_msgs/msg/_package_follow_PVAJS_trajectoryResult.lisp, /home/locus/CDUS-Cam-Node/catkin_ws/devel/share/common-lisp/ros/mg_msgs/msg/_package_follow_PVAJS_trajectoryResult.lisp)
Linked: (/home/locus/CDUS-Cam-Node/catkin_ws/devel/.private/mg_msgs/share/common-lisp/ros/mg_msgs/msg/Polynomial.lisp, /home/locus/CDUS-Cam-Node/catkin_ws/devel/share/common-lisp/ros/mg_msgs/msg/Polynomial.lisp)
Linked: (/home/locus/CDUS-Cam-Node/catkin_ws/devel/.private/mg_msgs/share/common-lisp/ros/mg_msgs/msg/RadarTarget.lisp, /home/locus/CDUS-Cam-Node/catkin_ws/devel/share/common-lisp/ros/mg_msgs/msg/RadarTarget.lisp)
Linked: (/home/locus/CDUS-Cam-Node/catkin_ws/devel/.private/mg_msgs/share/common-lisp/ros/mg_msgs/msg/_package_GnssObservables.lisp, /home/locus/CDUS-Cam-Node/catkin_ws/devel/share/common-lisp/ros/mg_msgs/msg/_package_GnssObservables.lisp)
Linked: (/home/locus/CDUS-Cam-Node/catkin_ws/devel/.private/mg_msgs/share/common-lisp/ros/mg_msgs/msg/PVAJS.lisp, /home/locus/CDUS-Cam-Node/catkin_ws/devel/share/common-lisp/ros/mg_msgs/msg/PVAJS.lisp)
Linked: (/home/locus/CDUS-Cam-Node/catkin_ws/devel/.private/mg_msgs/share/common-lisp/ros/mg_msgs/srv/_package_SetInteger.lisp, /home/locus/CDUS-Cam-Node/catkin_ws/devel/share/common-lisp/ros/mg_msgs/srv/_package_SetInteger.lisp)
Linked: (/home/locus/CDUS-Cam-Node/catkin_ws/devel/.private/mg_msgs/share/common-lisp/ros/mg_msgs/srv/SetQuadBool.lisp, /home/locus/CDUS-Cam-Node/catkin_ws/devel/share/common-lisp/ros/mg_msgs/srv/SetQuadBool.lisp)
Linked: (/home/locus/CDUS-Cam-Node/catkin_ws/devel/.private/mg_msgs/share/common-lisp/ros/mg_msgs/srv/mg_msgs-srv.asd, /home/locus/CDUS-Cam-Node/catkin_ws/devel/share/common-lisp/ros/mg_msgs/srv/mg_msgs-srv.asd)
Linked: (/home/locus/CDUS-Cam-Node/catkin_ws/devel/.private/mg_msgs/share/common-lisp/ros/mg_msgs/srv/minSnapWpStamped.lisp, /home/locus/CDUS-Cam-Node/catkin_ws/devel/share/common-lisp/ros/mg_msgs/srv/minSnapWpStamped.lisp)
Linked: (/home/locus/CDUS-Cam-Node/catkin_ws/devel/.private/mg_msgs/share/common-lisp/ros/mg_msgs/srv/_package_minSnapWpStamped.lisp, /home/locus/CDUS-Cam-Node/catkin_ws/devel/share/common-lisp/ros/mg_msgs/srv/_package_minSnapWpStamped.lisp)
Linked: (/home/locus/CDUS-Cam-Node/catkin_ws/devel/.private/mg_msgs/share/common-lisp/ros/mg_msgs/srv/_package_updatePx4param.lisp, /home/locus/CDUS-Cam-Node/catkin_ws/devel/share/common-lisp/ros/mg_msgs/srv/_package_updatePx4param.lisp)
Linked: (/home/locus/CDUS-Cam-Node/catkin_ws/devel/.private/mg_msgs/share/common-lisp/ros/mg_msgs/srv/_package_minSnapWpPVAJ.lisp, /home/locus/CDUS-Cam-Node/catkin_ws/devel/share/common-lisp/ros/mg_msgs/srv/_package_minSnapWpPVAJ.lisp)
Linked: (/home/locus/CDUS-Cam-Node/catkin_ws/devel/.private/mg_msgs/share/common-lisp/ros/mg_msgs/srv/minSnapWpPVAJ.lisp, /home/locus/CDUS-Cam-Node/catkin_ws/devel/share/common-lisp/ros/mg_msgs/srv/minSnapWpPVAJ.lisp)
Linked: (/home/locus/CDUS-Cam-Node/catkin_ws/devel/.private/mg_msgs/share/common-lisp/ros/mg_msgs/srv/_package.lisp, /home/locus/CDUS-Cam-Node/catkin_ws/devel/share/common-lisp/ros/mg_msgs/srv/_package.lisp)
Linked: (/home/locus/CDUS-Cam-Node/catkin_ws/devel/.private/mg_msgs/share/common-lisp/ros/mg_msgs/srv/_package_RequestRelativePoseBatch.lisp, /home/locus/CDUS-Cam-Node/catkin_ws/devel/share/common-lisp/ros/mg_msgs/srv/_package_RequestRelativePoseBatch.lisp)
Linked: (/home/locus/CDUS-Cam-Node/catkin_ws/devel/.private/mg_msgs/share/common-lisp/ros/mg_msgs/srv/_package_set_strings.lisp, /home/locus/CDUS-Cam-Node/catkin_ws/devel/share/common-lisp/ros/mg_msgs/srv/_package_set_strings.lisp)
Linked: (/home/locus/CDUS-Cam-Node/catkin_ws/devel/.private/mg_msgs/share/common-lisp/ros/mg_msgs/srv/minAccXYWpPVA.lisp, /home/locus/CDUS-Cam-Node/catkin_ws/devel/share/common-lisp/ros/mg_msgs/srv/minAccXYWpPVA.lisp)
Linked: (/home/locus/CDUS-Cam-Node/catkin_ws/devel/.private/mg_msgs/share/common-lisp/ros/mg_msgs/srv/set_strings.lisp, /home/locus/CDUS-Cam-Node/catkin_ws/devel/share/common-lisp/ros/mg_msgs/srv/set_strings.lisp)
Linked: (/home/locus/CDUS-Cam-Node/catkin_ws/devel/.private/mg_msgs/share/common-lisp/ros/mg_msgs/srv/_package_SetQuadBool.lisp, /home/locus/CDUS-Cam-Node/catkin_ws/devel/share/common-lisp/ros/mg_msgs/srv/_package_SetQuadBool.lisp)
Linked: (/home/locus/CDUS-Cam-Node/catkin_ws/devel/.private/mg_msgs/share/common-lisp/ros/mg_msgs/srv/RequestRelativePoseBatch.lisp, /home/locus/CDUS-Cam-Node/catkin_ws/devel/share/common-lisp/ros/mg_msgs/srv/RequestRelativePoseBatch.lisp)
Linked: (/home/locus/CDUS-Cam-Node/catkin_ws/devel/.private/mg_msgs/share/common-lisp/ros/mg_msgs/srv/SetInteger.lisp, /home/locus/CDUS-Cam-Node/catkin_ws/devel/share/common-lisp/ros/mg_msgs/srv/SetInteger.lisp)
Linked: (/home/locus/CDUS-Cam-Node/catkin_ws/devel/.private/mg_msgs/share/common-lisp/ros/mg_msgs/srv/_package_minAccXYWpPVA.lisp, /home/locus/CDUS-Cam-Node/catkin_ws/devel/share/common-lisp/ros/mg_msgs/srv/_package_minAccXYWpPVA.lisp)
Linked: (/home/locus/CDUS-Cam-Node/catkin_ws/devel/.private/mg_msgs/share/common-lisp/ros/mg_msgs/srv/updatePx4param.lisp, /home/locus/CDUS-Cam-Node/catkin_ws/devel/share/common-lisp/ros/mg_msgs/srv/updatePx4param.lisp)
Linked: (/home/locus/CDUS-Cam-Node/catkin_ws/devel/.private/mg_msgs/share/mg_msgs/msg/follow_PVAJS_trajectoryActionResult.msg, /home/locus/CDUS-Cam-Node/catkin_ws/devel/share/mg_msgs/msg/follow_PVAJS_trajectoryActionResult.msg)
Linked: (/home/locus/CDUS-Cam-Node/catkin_ws/devel/.private/mg_msgs/share/mg_msgs/msg/follow_PolyPVA_XY_trajectoryActionResult.msg, /home/locus/CDUS-Cam-Node/catkin_ws/devel/share/mg_msgs/msg/follow_PolyPVA_XY_trajectoryActionResult.msg)
Linked: (/home/locus/CDUS-Cam-Node/catkin_ws/devel/.private/mg_msgs/share/mg_msgs/msg/follow_PVAJS_trajectoryGoal.msg, /home/locus/CDUS-Cam-Node/catkin_ws/devel/share/mg_msgs/msg/follow_PVAJS_trajectoryGoal.msg)
Linked: (/home/locus/CDUS-Cam-Node/catkin_ws/devel/.private/mg_msgs/share/mg_msgs/msg/follow_PVAJS_trajectoryFeedback.msg, /home/locus/CDUS-Cam-Node/catkin_ws/devel/share/mg_msgs/msg/follow_PVAJS_trajectoryFeedback.msg)
Linked: (/home/locus/CDUS-Cam-Node/catkin_ws/devel/.private/mg_msgs/share/mg_msgs/msg/follow_PVAJS_trajectoryResult.msg, /home/locus/CDUS-Cam-Node/catkin_ws/devel/share/mg_msgs/msg/follow_PVAJS_trajectoryResult.msg)
Linked: (/home/locus/CDUS-Cam-Node/catkin_ws/devel/.private/mg_msgs/share/mg_msgs/msg/follow_PolyPVA_XY_trajectoryAction.msg, /home/locus/CDUS-Cam-Node/catkin_ws/devel/share/mg_msgs/msg/follow_PolyPVA_XY_trajectoryAction.msg)
Linked: (/home/locus/CDUS-Cam-Node/catkin_ws/devel/.private/mg_msgs/share/mg_msgs/msg/follow_PolyPVA_XY_trajectoryGoal.msg, /home/locus/CDUS-Cam-Node/catkin_ws/devel/share/mg_msgs/msg/follow_PolyPVA_XY_trajectoryGoal.msg)
Linked: (/home/locus/CDUS-Cam-Node/catkin_ws/devel/.private/mg_msgs/share/mg_msgs/msg/follow_PolyPVA_XY_trajectoryFeedback.msg, /home/locus/CDUS-Cam-Node/catkin_ws/devel/share/mg_msgs/msg/follow_PolyPVA_XY_trajectoryFeedback.msg)
Linked: (/home/locus/CDUS-Cam-Node/catkin_ws/devel/.private/mg_msgs/share/mg_msgs/msg/follow_PolyPVA_XY_trajectoryActionFeedback.msg, /home/locus/CDUS-Cam-Node/catkin_ws/devel/share/mg_msgs/msg/follow_PolyPVA_XY_trajectoryActionFeedback.msg)
Linked: (/home/locus/CDUS-Cam-Node/catkin_ws/devel/.private/mg_msgs/share/mg_msgs/msg/follow_PolyPVA_XY_trajectoryActionGoal.msg, /home/locus/CDUS-Cam-Node/catkin_ws/devel/share/mg_msgs/msg/follow_PolyPVA_XY_trajectoryActionGoal.msg)
Linked: (/home/locus/CDUS-Cam-Node/catkin_ws/devel/.private/mg_msgs/share/mg_msgs/msg/follow_PVAJS_trajectoryActionFeedback.msg, /home/locus/CDUS-Cam-Node/catkin_ws/devel/share/mg_msgs/msg/follow_PVAJS_trajectoryActionFeedback.msg)
Linked: (/home/locus/CDUS-Cam-Node/catkin_ws/devel/.private/mg_msgs/share/mg_msgs/msg/follow_PolyPVA_XY_trajectoryResult.msg, /home/locus/CDUS-Cam-Node/catkin_ws/devel/share/mg_msgs/msg/follow_PolyPVA_XY_trajectoryResult.msg)
Linked: (/home/locus/CDUS-Cam-Node/catkin_ws/devel/.private/mg_msgs/share/mg_msgs/msg/follow_PVAJS_trajectoryAction.msg, /home/locus/CDUS-Cam-Node/catkin_ws/devel/share/mg_msgs/msg/follow_PVAJS_trajectoryAction.msg)
Linked: (/home/locus/CDUS-Cam-Node/catkin_ws/devel/.private/mg_msgs/share/mg_msgs/msg/follow_PVAJS_trajectoryActionGoal.msg, /home/locus/CDUS-Cam-Node/catkin_ws/devel/share/mg_msgs/msg/follow_PVAJS_trajectoryActionGoal.msg)
Linked: (/home/locus/CDUS-Cam-Node/catkin_ws/devel/.private/mg_msgs/share/mg_msgs/cmake/mg_msgs-msg-extras.cmake, /home/locus/CDUS-Cam-Node/catkin_ws/devel/share/mg_msgs/cmake/mg_msgs-msg-extras.cmake)
Linked: (/home/locus/CDUS-Cam-Node/catkin_ws/devel/.private/mg_msgs/share/mg_msgs/cmake/mg_msgsConfig.cmake, /home/locus/CDUS-Cam-Node/catkin_ws/devel/share/mg_msgs/cmake/mg_msgsConfig.cmake)
Linked: (/home/locus/CDUS-Cam-Node/catkin_ws/devel/.private/mg_msgs/share/mg_msgs/cmake/mg_msgsConfig-version.cmake, /home/locus/CDUS-Cam-Node/catkin_ws/devel/share/mg_msgs/cmake/mg_msgsConfig-version.cmake)
Linked: (/home/locus/CDUS-Cam-Node/catkin_ws/devel/.private/mg_msgs/share/mg_msgs/cmake/mg_msgs-msg-paths.cmake, /home/locus/CDUS-Cam-Node/catkin_ws/devel/share/mg_msgs/cmake/mg_msgs-msg-paths.cmake)
Linked: (/home/locus/CDUS-Cam-Node/catkin_ws/devel/.private/mg_msgs/lib/python2.7/dist-packages/mg_msgs/__init__.py, /home/locus/CDUS-Cam-Node/catkin_ws/devel/lib/python2.7/dist-packages/mg_msgs/__init__.py)
Linked: (/home/locus/CDUS-Cam-Node/catkin_ws/devel/.private/mg_msgs/lib/python2.7/dist-packages/mg_msgs/msg/_WifiStatus.py, /home/locus/CDUS-Cam-Node/catkin_ws/devel/lib/python2.7/dist-packages/mg_msgs/msg/_WifiStatus.py)
Linked: (/home/locus/CDUS-Cam-Node/catkin_ws/devel/.private/mg_msgs/lib/python2.7/dist-packages/mg_msgs/msg/_TxId.py, /home/locus/CDUS-Cam-Node/catkin_ws/devel/lib/python2.7/dist-packages/mg_msgs/msg/_TxId.py)
Linked: (/home/locus/CDUS-Cam-Node/catkin_ws/devel/.private/mg_msgs/lib/python2.7/dist-packages/mg_msgs/msg/_ObservablesMeasurementTime.py, /home/locus/CDUS-Cam-Node/catkin_ws/devel/lib/python2.7/dist-packages/mg_msgs/msg/_ObservablesMeasurementTime.py)
Linked: (/home/locus/CDUS-Cam-Node/catkin_ws/devel/.private/mg_msgs/lib/python2.7/dist-packages/mg_msgs/msg/_GameState.py, /home/locus/CDUS-Cam-Node/catkin_ws/devel/lib/python2.7/dist-packages/mg_msgs/msg/_GameState.py)
Linked: (/home/locus/CDUS-Cam-Node/catkin_ws/devel/.private/mg_msgs/lib/python2.7/dist-packages/mg_msgs/msg/_Polynomial.py, /home/locus/CDUS-Cam-Node/catkin_ws/devel/lib/python2.7/dist-packages/mg_msgs/msg/_Polynomial.py)
Linked: (/home/locus/CDUS-Cam-Node/catkin_ws/devel/.private/mg_msgs/lib/python2.7/dist-packages/mg_msgs/msg/_PVAJS.py, /home/locus/CDUS-Cam-Node/catkin_ws/devel/lib/python2.7/dist-packages/mg_msgs/msg/_PVAJS.py)
Linked: (/home/locus/CDUS-Cam-Node/catkin_ws/devel/.private/mg_msgs/lib/python2.7/dist-packages/mg_msgs/msg/_SingleBaselineRTK.py, /home/locus/CDUS-Cam-Node/catkin_ws/devel/lib/python2.7/dist-packages/mg_msgs/msg/_SingleBaselineRTK.py)
Linked: (/home/locus/CDUS-Cam-Node/catkin_ws/devel/.private/mg_msgs/lib/python2.7/dist-packages/mg_msgs/msg/_follow_PVAJS_trajectoryAction.py, /home/locus/CDUS-Cam-Node/catkin_ws/devel/lib/python2.7/dist-packages/mg_msgs/msg/_follow_PVAJS_trajectoryAction.py)
Linked: (/home/locus/CDUS-Cam-Node/catkin_ws/devel/.private/mg_msgs/lib/python2.7/dist-packages/mg_msgs/msg/_NavigationSolution.py, /home/locus/CDUS-Cam-Node/catkin_ws/devel/lib/python2.7/dist-packages/mg_msgs/msg/_NavigationSolution.py)
Linked: (/home/locus/CDUS-Cam-Node/catkin_ws/devel/.private/mg_msgs/lib/python2.7/dist-packages/mg_msgs/msg/_PVA.py, /home/locus/CDUS-Cam-Node/catkin_ws/devel/lib/python2.7/dist-packages/mg_msgs/msg/_PVA.py)
Linked: (/home/locus/CDUS-Cam-Node/catkin_ws/devel/.private/mg_msgs/lib/python2.7/dist-packages/mg_msgs/msg/_follow_PolyPVA_XY_trajectoryActionFeedback.py, /home/locus/CDUS-Cam-Node/catkin_ws/devel/lib/python2.7/dist-packages/mg_msgs/msg/_follow_PolyPVA_XY_trajectoryActionFeedback.py)
Linked: (/home/locus/CDUS-Cam-Node/catkin_ws/devel/.private/mg_msgs/lib/python2.7/dist-packages/mg_msgs/msg/_follow_PVAJS_trajectoryActionFeedback.py, /home/locus/CDUS-Cam-Node/catkin_ws/devel/lib/python2.7/dist-packages/mg_msgs/msg/_follow_PVAJS_trajectoryActionFeedback.py)
Linked: (/home/locus/CDUS-Cam-Node/catkin_ws/devel/.private/mg_msgs/lib/python2.7/dist-packages/mg_msgs/msg/_Info.py, /home/locus/CDUS-Cam-Node/catkin_ws/devel/lib/python2.7/dist-packages/mg_msgs/msg/_Info.py)
Linked: (/home/locus/CDUS-Cam-Node/catkin_ws/devel/.private/mg_msgs/lib/python2.7/dist-packages/mg_msgs/msg/_follow_PolyPVA_XY_trajectoryFeedback.py, /home/locus/CDUS-Cam-Node/catkin_ws/devel/lib/python2.7/dist-packages/mg_msgs/msg/_follow_PolyPVA_XY_trajectoryFeedback.py)
Linked: (/home/locus/CDUS-Cam-Node/catkin_ws/devel/.private/mg_msgs/lib/python2.7/dist-packages/mg_msgs/msg/_BalloonInfo.py, /home/locus/CDUS-Cam-Node/catkin_ws/devel/lib/python2.7/dist-packages/mg_msgs/msg/_BalloonInfo.py)
Linked: (/home/locus/CDUS-Cam-Node/catkin_ws/devel/.private/mg_msgs/lib/python2.7/dist-packages/mg_msgs/msg/_PVA_array.py, /home/locus/CDUS-Cam-Node/catkin_ws/devel/lib/python2.7/dist-packages/mg_msgs/msg/_PVA_array.py)
Linked: (/home/locus/CDUS-Cam-Node/catkin_ws/devel/.private/mg_msgs/lib/python2.7/dist-packages/mg_msgs/msg/_follow_PolyPVA_XY_trajectoryAction.py, /home/locus/CDUS-Cam-Node/catkin_ws/devel/lib/python2.7/dist-packages/mg_msgs/msg/_follow_PolyPVA_XY_trajectoryAction.py)
Linked: (/home/locus/CDUS-Cam-Node/catkin_ws/devel/.private/mg_msgs/lib/python2.7/dist-packages/mg_msgs/msg/_PVAJS_array.py, /home/locus/CDUS-Cam-Node/catkin_ws/devel/lib/python2.7/dist-packages/mg_msgs/msg/_PVAJS_array.py)
Linked: (/home/locus/CDUS-Cam-Node/catkin_ws/devel/.private/mg_msgs/lib/python2.7/dist-packages/mg_msgs/msg/_follow_PVAJS_trajectoryGoal.py, /home/locus/CDUS-Cam-Node/catkin_ws/devel/lib/python2.7/dist-packages/mg_msgs/msg/_follow_PVAJS_trajectoryGoal.py)
Linked: (/home/locus/CDUS-Cam-Node/catkin_ws/devel/.private/mg_msgs/lib/python2.7/dist-packages/mg_msgs/msg/_PolyPVA.py, /home/locus/CDUS-Cam-Node/catkin_ws/devel/lib/python2.7/dist-packages/mg_msgs/msg/_PolyPVA.py)
Linked: (/home/locus/CDUS-Cam-Node/catkin_ws/devel/.private/mg_msgs/lib/python2.7/dist-packages/mg_msgs/msg/_Radar.py, /home/locus/CDUS-Cam-Node/catkin_ws/devel/lib/python2.7/dist-packages/mg_msgs/msg/_Radar.py)
Linked: (/home/locus/CDUS-Cam-Node/catkin_ws/devel/.private/mg_msgs/lib/python2.7/dist-packages/mg_msgs/msg/_follow_PVAJS_trajectoryActionResult.py, /home/locus/CDUS-Cam-Node/catkin_ws/devel/lib/python2.7/dist-packages/mg_msgs/msg/_follow_PVAJS_trajectoryActionResult.py)
Linked: (/home/locus/CDUS-Cam-Node/catkin_ws/devel/.private/mg_msgs/lib/python2.7/dist-packages/mg_msgs/msg/_GnssObservables.py, /home/locus/CDUS-Cam-Node/catkin_ws/devel/lib/python2.7/dist-packages/mg_msgs/msg/_GnssObservables.py)
Linked: (/home/locus/CDUS-Cam-Node/catkin_ws/devel/.private/mg_msgs/lib/python2.7/dist-packages/mg_msgs/msg/_TransmitterInfo.py, /home/locus/CDUS-Cam-Node/catkin_ws/devel/lib/python2.7/dist-packages/mg_msgs/msg/_TransmitterInfo.py)
Linked: (/home/locus/CDUS-Cam-Node/catkin_ws/devel/.private/mg_msgs/lib/python2.7/dist-packages/mg_msgs/msg/_follow_PVAJS_trajectoryActionGoal.py, /home/locus/CDUS-Cam-Node/catkin_ws/devel/lib/python2.7/dist-packages/mg_msgs/msg/_follow_PVAJS_trajectoryActionGoal.py)
Linked: (/home/locus/CDUS-Cam-Node/catkin_ws/devel/.private/mg_msgs/lib/python2.7/dist-packages/mg_msgs/msg/_ImuConfig.py, /home/locus/CDUS-Cam-Node/catkin_ws/devel/lib/python2.7/dist-packages/mg_msgs/msg/_ImuConfig.py)
Linked: (/home/locus/CDUS-Cam-Node/catkin_ws/devel/.private/mg_msgs/lib/python2.7/dist-packages/mg_msgs/msg/_TransmitterInfoSegment.py, /home/locus/CDUS-Cam-Node/catkin_ws/devel/lib/python2.7/dist-packages/mg_msgs/msg/_TransmitterInfoSegment.py)
Linked: (/home/locus/CDUS-Cam-Node/catkin_ws/devel/.private/mg_msgs/lib/python2.7/dist-packages/mg_msgs/msg/_PVAJ_request.py, /home/locus/CDUS-Cam-Node/catkin_ws/devel/lib/python2.7/dist-packages/mg_msgs/msg/_PVAJ_request.py)
Linked: (/home/locus/CDUS-Cam-Node/catkin_ws/devel/.private/mg_msgs/lib/python2.7/dist-packages/mg_msgs/msg/_Status.py, /home/locus/CDUS-Cam-Node/catkin_ws/devel/lib/python2.7/dist-packages/mg_msgs/msg/_Status.py)
Linked: (/home/locus/CDUS-Cam-Node/catkin_ws/devel/.private/mg_msgs/lib/python2.7/dist-packages/mg_msgs/msg/_follow_PolyPVA_XY_trajectoryResult.py, /home/locus/CDUS-Cam-Node/catkin_ws/devel/lib/python2.7/dist-packages/mg_msgs/msg/_follow_PolyPVA_XY_trajectoryResult.py)
Linked: (/home/locus/CDUS-Cam-Node/catkin_ws/devel/.private/mg_msgs/lib/python2.7/dist-packages/mg_msgs/msg/_Attitude2D.py, /home/locus/CDUS-Cam-Node/catkin_ws/devel/lib/python2.7/dist-packages/mg_msgs/msg/_Attitude2D.py)
Linked: (/home/locus/CDUS-Cam-Node/catkin_ws/devel/.private/mg_msgs/lib/python2.7/dist-packages/mg_msgs/msg/_Ephemeris.py, /home/locus/CDUS-Cam-Node/catkin_ws/devel/lib/python2.7/dist-packages/mg_msgs/msg/_Ephemeris.py)
Linked: (/home/locus/CDUS-Cam-Node/catkin_ws/devel/.private/mg_msgs/lib/python2.7/dist-packages/mg_msgs/msg/_follow_PolyPVA_XY_trajectoryGoal.py, /home/locus/CDUS-Cam-Node/catkin_ws/devel/lib/python2.7/dist-packages/mg_msgs/msg/_follow_PolyPVA_XY_trajectoryGoal.py)
Linked: (/home/locus/CDUS-Cam-Node/catkin_ws/devel/.private/mg_msgs/lib/python2.7/dist-packages/mg_msgs/msg/_PVA_request.py, /home/locus/CDUS-Cam-Node/catkin_ws/devel/lib/python2.7/dist-packages/mg_msgs/msg/_PVA_request.py)
Linked: (/home/locus/CDUS-Cam-Node/catkin_ws/devel/.private/mg_msgs/lib/python2.7/dist-packages/mg_msgs/msg/_follow_PVAJS_trajectoryResult.py, /home/locus/CDUS-Cam-Node/catkin_ws/devel/lib/python2.7/dist-packages/mg_msgs/msg/_follow_PVAJS_trajectoryResult.py)
Linked: (/home/locus/CDUS-Cam-Node/catkin_ws/devel/.private/mg_msgs/lib/python2.7/dist-packages/mg_msgs/msg/_MultiBaselineRTKAttitude3D.py, /home/locus/CDUS-Cam-Node/catkin_ws/devel/lib/python2.7/dist-packages/mg_msgs/msg/_MultiBaselineRTKAttitude3D.py)
Linked: (/home/locus/CDUS-Cam-Node/catkin_ws/devel/.private/mg_msgs/lib/python2.7/dist-packages/mg_msgs/msg/_TriggerTime.py, /home/locus/CDUS-Cam-Node/catkin_ws/devel/lib/python2.7/dist-packages/mg_msgs/msg/_TriggerTime.py)
Linked: (/home/locus/CDUS-Cam-Node/catkin_ws/devel/.private/mg_msgs/lib/python2.7/dist-packages/mg_msgs/msg/_Coda.py, /home/locus/CDUS-Cam-Node/catkin_ws/devel/lib/python2.7/dist-packages/mg_msgs/msg/_Coda.py)
Linked: (/home/locus/CDUS-Cam-Node/catkin_ws/devel/.private/mg_msgs/lib/python2.7/dist-packages/mg_msgs/msg/_Imu.py, /home/locus/CDUS-Cam-Node/catkin_ws/devel/lib/python2.7/dist-packages/mg_msgs/msg/_Imu.py)
Linked: (/home/locus/CDUS-Cam-Node/catkin_ws/devel/.private/mg_msgs/lib/python2.7/dist-packages/mg_msgs/msg/_PVATrajectory.py, /home/locus/CDUS-Cam-Node/catkin_ws/devel/lib/python2.7/dist-packages/mg_msgs/msg/_PVATrajectory.py)
Linked: (/home/locus/CDUS-Cam-Node/catkin_ws/devel/.private/mg_msgs/lib/python2.7/dist-packages/mg_msgs/msg/_RadarConfig.py, /home/locus/CDUS-Cam-Node/catkin_ws/devel/lib/python2.7/dist-packages/mg_msgs/msg/_RadarConfig.py)
Linked: (/home/locus/CDUS-Cam-Node/catkin_ws/devel/.private/mg_msgs/lib/python2.7/dist-packages/mg_msgs/msg/_RadarTarget.py, /home/locus/CDUS-Cam-Node/catkin_ws/devel/lib/python2.7/dist-packages/mg_msgs/msg/_RadarTarget.py)
Linked: (/home/locus/CDUS-Cam-Node/catkin_ws/devel/.private/mg_msgs/lib/python2.7/dist-packages/mg_msgs/msg/_follow_PolyPVA_XY_trajectoryActionResult.py, /home/locus/CDUS-Cam-Node/catkin_ws/devel/lib/python2.7/dist-packages/mg_msgs/msg/_follow_PolyPVA_XY_trajectoryActionResult.py)
Linked: (/home/locus/CDUS-Cam-Node/catkin_ws/devel/.private/mg_msgs/lib/python2.7/dist-packages/mg_msgs/msg/_PingStatus.py, /home/locus/CDUS-Cam-Node/catkin_ws/devel/lib/python2.7/dist-packages/mg_msgs/msg/_PingStatus.py)
Linked: (/home/locus/CDUS-Cam-Node/catkin_ws/devel/.private/mg_msgs/lib/python2.7/dist-packages/mg_msgs/msg/_StatusMessage.py, /home/locus/CDUS-Cam-Node/catkin_ws/devel/lib/python2.7/dist-packages/mg_msgs/msg/_StatusMessage.py)
Linked: (/home/locus/CDUS-Cam-Node/catkin_ws/devel/.private/mg_msgs/lib/python2.7/dist-packages/mg_msgs/msg/_Attitude3D.py, /home/locus/CDUS-Cam-Node/catkin_ws/devel/lib/python2.7/dist-packages/mg_msgs/msg/_Attitude3D.py)
Linked: (/home/locus/CDUS-Cam-Node/catkin_ws/devel/.private/mg_msgs/lib/python2.7/dist-packages/mg_msgs/msg/_GnssObservablesSegment.py, /home/locus/CDUS-Cam-Node/catkin_ws/devel/lib/python2.7/dist-packages/mg_msgs/msg/_GnssObservablesSegment.py)
Linked: (/home/locus/CDUS-Cam-Node/catkin_ws/devel/.private/mg_msgs/lib/python2.7/dist-packages/mg_msgs/msg/_GPStoUTC.py, /home/locus/CDUS-Cam-Node/catkin_ws/devel/lib/python2.7/dist-packages/mg_msgs/msg/_GPStoUTC.py)
Linked: (/home/locus/CDUS-Cam-Node/catkin_ws/devel/.private/mg_msgs/lib/python2.7/dist-packages/mg_msgs/msg/__init__.py, /home/locus/CDUS-Cam-Node/catkin_ws/devel/lib/python2.7/dist-packages/mg_msgs/msg/__init__.py)
Linked: (/home/locus/CDUS-Cam-Node/catkin_ws/devel/.private/mg_msgs/lib/python2.7/dist-packages/mg_msgs/msg/_MultiBaselineRTKAttitude2D.py, /home/locus/CDUS-Cam-Node/catkin_ws/devel/lib/python2.7/dist-packages/mg_msgs/msg/_MultiBaselineRTKAttitude2D.py)
Linked: (/home/locus/CDUS-Cam-Node/catkin_ws/devel/.private/mg_msgs/lib/python2.7/dist-packages/mg_msgs/msg/_Bitcontainer.py, /home/locus/CDUS-Cam-Node/catkin_ws/devel/lib/python2.7/dist-packages/mg_msgs/msg/_Bitcontainer.py)
Linked: (/home/locus/CDUS-Cam-Node/catkin_ws/devel/.private/mg_msgs/lib/python2.7/dist-packages/mg_msgs/msg/_BaseTime.py, /home/locus/CDUS-Cam-Node/catkin_ws/devel/lib/python2.7/dist-packages/mg_msgs/msg/_BaseTime.py)
Linked: (/home/locus/CDUS-Cam-Node/catkin_ws/devel/.private/mg_msgs/lib/python2.7/dist-packages/mg_msgs/msg/_follow_PolyPVA_XY_trajectoryActionGoal.py, /home/locus/CDUS-Cam-Node/catkin_ws/devel/lib/python2.7/dist-packages/mg_msgs/msg/_follow_PolyPVA_XY_trajectoryActionGoal.py)
Linked: (/home/locus/CDUS-Cam-Node/catkin_ws/devel/.private/mg_msgs/lib/python2.7/dist-packages/mg_msgs/msg/_Almanac.py, /home/locus/CDUS-Cam-Node/catkin_ws/devel/lib/python2.7/dist-packages/mg_msgs/msg/_Almanac.py)
Linked: (/home/locus/CDUS-Cam-Node/catkin_ws/devel/.private/mg_msgs/lib/python2.7/dist-packages/mg_msgs/msg/_PVA_Stamped.py, /home/locus/CDUS-Cam-Node/catkin_ws/devel/lib/python2.7/dist-packages/mg_msgs/msg/_PVA_Stamped.py)
Linked: (/home/locus/CDUS-Cam-Node/catkin_ws/devel/.private/mg_msgs/lib/python2.7/dist-packages/mg_msgs/msg/_follow_PVAJS_trajectoryFeedback.py, /home/locus/CDUS-Cam-Node/catkin_ws/devel/lib/python2.7/dist-packages/mg_msgs/msg/_follow_PVAJS_trajectoryFeedback.py)
Linked: (/home/locus/CDUS-Cam-Node/catkin_ws/devel/.private/mg_msgs/lib/python2.7/dist-packages/mg_msgs/srv/_minAccXYWpPVA.py, /home/locus/CDUS-Cam-Node/catkin_ws/devel/lib/python2.7/dist-packages/mg_msgs/srv/_minAccXYWpPVA.py)
Linked: (/home/locus/CDUS-Cam-Node/catkin_ws/devel/.private/mg_msgs/lib/python2.7/dist-packages/mg_msgs/srv/_minSnapWpStamped.py, /home/locus/CDUS-Cam-Node/catkin_ws/devel/lib/python2.7/dist-packages/mg_msgs/srv/_minSnapWpStamped.py)
Linked: (/home/locus/CDUS-Cam-Node/catkin_ws/devel/.private/mg_msgs/lib/python2.7/dist-packages/mg_msgs/srv/_RequestRelativePoseBatch.py, /home/locus/CDUS-Cam-Node/catkin_ws/devel/lib/python2.7/dist-packages/mg_msgs/srv/_RequestRelativePoseBatch.py)
Linked: (/home/locus/CDUS-Cam-Node/catkin_ws/devel/.private/mg_msgs/lib/python2.7/dist-packages/mg_msgs/srv/_minSnapWpPVAJ.py, /home/locus/CDUS-Cam-Node/catkin_ws/devel/lib/python2.7/dist-packages/mg_msgs/srv/_minSnapWpPVAJ.py)
Linked: (/home/locus/CDUS-Cam-Node/catkin_ws/devel/.private/mg_msgs/lib/python2.7/dist-packages/mg_msgs/srv/_SetQuadBool.py, /home/locus/CDUS-Cam-Node/catkin_ws/devel/lib/python2.7/dist-packages/mg_msgs/srv/_SetQuadBool.py)
Linked: (/home/locus/CDUS-Cam-Node/catkin_ws/devel/.private/mg_msgs/lib/python2.7/dist-packages/mg_msgs/srv/_set_strings.py, /home/locus/CDUS-Cam-Node/catkin_ws/devel/lib/python2.7/dist-packages/mg_msgs/srv/_set_strings.py)
Linked: (/home/locus/CDUS-Cam-Node/catkin_ws/devel/.private/mg_msgs/lib/python2.7/dist-packages/mg_msgs/srv/_updatePx4param.py, /home/locus/CDUS-Cam-Node/catkin_ws/devel/lib/python2.7/dist-packages/mg_msgs/srv/_updatePx4param.py)
Linked: (/home/locus/CDUS-Cam-Node/catkin_ws/devel/.private/mg_msgs/lib/python2.7/dist-packages/mg_msgs/srv/__init__.py, /home/locus/CDUS-Cam-Node/catkin_ws/devel/lib/python2.7/dist-packages/mg_msgs/srv/__init__.py)
Linked: (/home/locus/CDUS-Cam-Node/catkin_ws/devel/.private/mg_msgs/lib/python2.7/dist-packages/mg_msgs/srv/_SetInteger.py, /home/locus/CDUS-Cam-Node/catkin_ws/devel/lib/python2.7/dist-packages/mg_msgs/srv/_SetInteger.py)
Linked: (/home/locus/CDUS-Cam-Node/catkin_ws/devel/.private/mg_msgs/lib/pkgconfig/mg_msgs.pc, /home/locus/CDUS-Cam-Node/catkin_ws/devel/lib/pkgconfig/mg_msgs.pc)
Linked: (/home/locus/CDUS-Cam-Node/catkin_ws/devel/.private/mg_msgs/include/mg_msgs/SetIntegerRequest.h, /home/locus/CDUS-Cam-Node/catkin_ws/devel/include/mg_msgs/SetIntegerRequest.h)
Linked: (/home/locus/CDUS-Cam-Node/catkin_ws/devel/.private/mg_msgs/include/mg_msgs/minAccXYWpPVAResponse.h, /home/locus/CDUS-Cam-Node/catkin_ws/devel/include/mg_msgs/minAccXYWpPVAResponse.h)
Linked: (/home/locus/CDUS-Cam-Node/catkin_ws/devel/.private/mg_msgs/include/mg_msgs/SingleBaselineRTK.h, /home/locus/CDUS-Cam-Node/catkin_ws/devel/include/mg_msgs/SingleBaselineRTK.h)
Linked: (/home/locus/CDUS-Cam-Node/catkin_ws/devel/.private/mg_msgs/include/mg_msgs/follow_PolyPVA_XY_trajectoryGoal.h, /home/locus/CDUS-Cam-Node/catkin_ws/devel/include/mg_msgs/follow_PolyPVA_XY_trajectoryGoal.h)
Linked: (/home/locus/CDUS-Cam-Node/catkin_ws/devel/.private/mg_msgs/include/mg_msgs/PVAJS_array.h, /home/locus/CDUS-Cam-Node/catkin_ws/devel/include/mg_msgs/PVAJS_array.h)
Linked: (/home/locus/CDUS-Cam-Node/catkin_ws/devel/.private/mg_msgs/include/mg_msgs/GameState.h, /home/locus/CDUS-Cam-Node/catkin_ws/devel/include/mg_msgs/GameState.h)
Linked: (/home/locus/CDUS-Cam-Node/catkin_ws/devel/.private/mg_msgs/include/mg_msgs/follow_PVAJS_trajectoryGoal.h, /home/locus/CDUS-Cam-Node/catkin_ws/devel/include/mg_msgs/follow_PVAJS_trajectoryGoal.h)
Linked: (/home/locus/CDUS-Cam-Node/catkin_ws/devel/.private/mg_msgs/include/mg_msgs/follow_PVAJS_trajectoryActionResult.h, /home/locus/CDUS-Cam-Node/catkin_ws/devel/include/mg_msgs/follow_PVAJS_trajectoryActionResult.h)
Linked: (/home/locus/CDUS-Cam-Node/catkin_ws/devel/.private/mg_msgs/include/mg_msgs/PVATrajectory.h, /home/locus/CDUS-Cam-Node/catkin_ws/devel/include/mg_msgs/PVATrajectory.h)
Linked: (/home/locus/CDUS-Cam-Node/catkin_ws/devel/.private/mg_msgs/include/mg_msgs/follow_PolyPVA_XY_trajectoryActionFeedback.h, /home/locus/CDUS-Cam-Node/catkin_ws/devel/include/mg_msgs/follow_PolyPVA_XY_trajectoryActionFeedback.h)
Linked: (/home/locus/CDUS-Cam-Node/catkin_ws/devel/.private/mg_msgs/include/mg_msgs/follow_PolyPVA_XY_trajectoryAction.h, /home/locus/CDUS-Cam-Node/catkin_ws/devel/include/mg_msgs/follow_PolyPVA_XY_trajectoryAction.h)
Linked: (/home/locus/CDUS-Cam-Node/catkin_ws/devel/.private/mg_msgs/include/mg_msgs/PVA_request.h, /home/locus/CDUS-Cam-Node/catkin_ws/devel/include/mg_msgs/PVA_request.h)
Linked: (/home/locus/CDUS-Cam-Node/catkin_ws/devel/.private/mg_msgs/include/mg_msgs/ImuConfig.h, /home/locus/CDUS-Cam-Node/catkin_ws/devel/include/mg_msgs/ImuConfig.h)
Linked: (/home/locus/CDUS-Cam-Node/catkin_ws/devel/.private/mg_msgs/include/mg_msgs/GnssObservablesSegment.h, /home/locus/CDUS-Cam-Node/catkin_ws/devel/include/mg_msgs/GnssObservablesSegment.h)
Linked: (/home/locus/CDUS-Cam-Node/catkin_ws/devel/.private/mg_msgs/include/mg_msgs/Attitude3D.h, /home/locus/CDUS-Cam-Node/catkin_ws/devel/include/mg_msgs/Attitude3D.h)
Linked: (/home/locus/CDUS-Cam-Node/catkin_ws/devel/.private/mg_msgs/include/mg_msgs/follow_PVAJS_trajectoryFeedback.h, /home/locus/CDUS-Cam-Node/catkin_ws/devel/include/mg_msgs/follow_PVAJS_trajectoryFeedback.h)
Linked: (/home/locus/CDUS-Cam-Node/catkin_ws/devel/.private/mg_msgs/include/mg_msgs/MultiBaselineRTKAttitude2D.h, /home/locus/CDUS-Cam-Node/catkin_ws/devel/include/mg_msgs/MultiBaselineRTKAttitude2D.h)
Linked: (/home/locus/CDUS-Cam-Node/catkin_ws/devel/.private/mg_msgs/include/mg_msgs/set_stringsResponse.h, /home/locus/CDUS-Cam-Node/catkin_ws/devel/include/mg_msgs/set_stringsResponse.h)
Linked: (/home/locus/CDUS-Cam-Node/catkin_ws/devel/.private/mg_msgs/include/mg_msgs/follow_PVAJS_trajectoryActionFeedback.h, /home/locus/CDUS-Cam-Node/catkin_ws/devel/include/mg_msgs/follow_PVAJS_trajectoryActionFeedback.h)
Linked: (/home/locus/CDUS-Cam-Node/catkin_ws/devel/.private/mg_msgs/include/mg_msgs/follow_PolyPVA_XY_trajectoryResult.h, /home/locus/CDUS-Cam-Node/catkin_ws/devel/include/mg_msgs/follow_PolyPVA_XY_trajectoryResult.h)
Linked: (/home/locus/CDUS-Cam-Node/catkin_ws/devel/.private/mg_msgs/include/mg_msgs/BalloonInfo.h, /home/locus/CDUS-Cam-Node/catkin_ws/devel/include/mg_msgs/BalloonInfo.h)
Linked: (/home/locus/CDUS-Cam-Node/catkin_ws/devel/.private/mg_msgs/include/mg_msgs/GPStoUTC.h, /home/locus/CDUS-Cam-Node/catkin_ws/devel/include/mg_msgs/GPStoUTC.h)
Linked: (/home/locus/CDUS-Cam-Node/catkin_ws/devel/.private/mg_msgs/include/mg_msgs/RequestRelativePoseBatchResponse.h, /home/locus/CDUS-Cam-Node/catkin_ws/devel/include/mg_msgs/RequestRelativePoseBatchResponse.h)
Linked: (/home/locus/CDUS-Cam-Node/catkin_ws/devel/.private/mg_msgs/include/mg_msgs/SetInteger.h, /home/locus/CDUS-Cam-Node/catkin_ws/devel/include/mg_msgs/SetInteger.h)
Linked: (/home/locus/CDUS-Cam-Node/catkin_ws/devel/.private/mg_msgs/include/mg_msgs/NavigationSolution.h, /home/locus/CDUS-Cam-Node/catkin_ws/devel/include/mg_msgs/NavigationSolution.h)
Linked: (/home/locus/CDUS-Cam-Node/catkin_ws/devel/.private/mg_msgs/include/mg_msgs/Info.h, /home/locus/CDUS-Cam-Node/catkin_ws/devel/include/mg_msgs/Info.h)
Linked: (/home/locus/CDUS-Cam-Node/catkin_ws/devel/.private/mg_msgs/include/mg_msgs/PolyPVA.h, /home/locus/CDUS-Cam-Node/catkin_ws/devel/include/mg_msgs/PolyPVA.h)
Linked: (/home/locus/CDUS-Cam-Node/catkin_ws/devel/.private/mg_msgs/include/mg_msgs/follow_PVAJS_trajectoryActionGoal.h, /home/locus/CDUS-Cam-Node/catkin_ws/devel/include/mg_msgs/follow_PVAJS_trajectoryActionGoal.h)
Linked: (/home/locus/CDUS-Cam-Node/catkin_ws/devel/.private/mg_msgs/include/mg_msgs/SetIntegerResponse.h, /home/locus/CDUS-Cam-Node/catkin_ws/devel/include/mg_msgs/SetIntegerResponse.h)
Linked: (/home/locus/CDUS-Cam-Node/catkin_ws/devel/.private/mg_msgs/include/mg_msgs/Bitcontainer.h, /home/locus/CDUS-Cam-Node/catkin_ws/devel/include/mg_msgs/Bitcontainer.h)
Linked: (/home/locus/CDUS-Cam-Node/catkin_ws/devel/.private/mg_msgs/include/mg_msgs/StatusMessage.h, /home/locus/CDUS-Cam-Node/catkin_ws/devel/include/mg_msgs/StatusMessage.h)
Linked: (/home/locus/CDUS-Cam-Node/catkin_ws/devel/.private/mg_msgs/include/mg_msgs/Status.h, /home/locus/CDUS-Cam-Node/catkin_ws/devel/include/mg_msgs/Status.h)
Linked: (/home/locus/CDUS-Cam-Node/catkin_ws/devel/.private/mg_msgs/include/mg_msgs/SetQuadBool.h, /home/locus/CDUS-Cam-Node/catkin_ws/devel/include/mg_msgs/SetQuadBool.h)
Linked: (/home/locus/CDUS-Cam-Node/catkin_ws/devel/.private/mg_msgs/include/mg_msgs/WifiStatus.h, /home/locus/CDUS-Cam-Node/catkin_ws/devel/include/mg_msgs/WifiStatus.h)
Linked: (/home/locus/CDUS-Cam-Node/catkin_ws/devel/.private/mg_msgs/include/mg_msgs/PingStatus.h, /home/locus/CDUS-Cam-Node/catkin_ws/devel/include/mg_msgs/PingStatus.h)
Linked: (/home/locus/CDUS-Cam-Node/catkin_ws/devel/.private/mg_msgs/include/mg_msgs/PVAJS.h, /home/locus/CDUS-Cam-Node/catkin_ws/devel/include/mg_msgs/PVAJS.h)
Linked: (/home/locus/CDUS-Cam-Node/catkin_ws/devel/.private/mg_msgs/include/mg_msgs/BaseTime.h, /home/locus/CDUS-Cam-Node/catkin_ws/devel/include/mg_msgs/BaseTime.h)
Linked: (/home/locus/CDUS-Cam-Node/catkin_ws/devel/.private/mg_msgs/include/mg_msgs/SetQuadBoolResponse.h, /home/locus/CDUS-Cam-Node/catkin_ws/devel/include/mg_msgs/SetQuadBoolResponse.h)
Linked: (/home/locus/CDUS-Cam-Node/catkin_ws/devel/.private/mg_msgs/include/mg_msgs/Polynomial.h, /home/locus/CDUS-Cam-Node/catkin_ws/devel/include/mg_msgs/Polynomial.h)
Linked: (/home/locus/CDUS-Cam-Node/catkin_ws/devel/.private/mg_msgs/include/mg_msgs/PVA.h, /home/locus/CDUS-Cam-Node/catkin_ws/devel/include/mg_msgs/PVA.h)
Linked: (/home/locus/CDUS-Cam-Node/catkin_ws/devel/.private/mg_msgs/include/mg_msgs/RadarTarget.h, /home/locus/CDUS-Cam-Node/catkin_ws/devel/include/mg_msgs/RadarTarget.h)
Linked: (/home/locus/CDUS-Cam-Node/catkin_ws/devel/.private/mg_msgs/include/mg_msgs/MultiBaselineRTKAttitude3D.h, /home/locus/CDUS-Cam-Node/catkin_ws/devel/include/mg_msgs/MultiBaselineRTKAttitude3D.h)
Linked: (/home/locus/CDUS-Cam-Node/catkin_ws/devel/.private/mg_msgs/include/mg_msgs/follow_PolyPVA_XY_trajectoryActionGoal.h, /home/locus/CDUS-Cam-Node/catkin_ws/devel/include/mg_msgs/follow_PolyPVA_XY_trajectoryActionGoal.h)
Linked: (/home/locus/CDUS-Cam-Node/catkin_ws/devel/.private/mg_msgs/include/mg_msgs/updatePx4param.h, /home/locus/CDUS-Cam-Node/catkin_ws/devel/include/mg_msgs/updatePx4param.h)
Linked: (/home/locus/CDUS-Cam-Node/catkin_ws/devel/.private/mg_msgs/include/mg_msgs/PVAJ_request.h, /home/locus/CDUS-Cam-Node/catkin_ws/devel/include/mg_msgs/PVAJ_request.h)
Linked: (/home/locus/CDUS-Cam-Node/catkin_ws/devel/.private/mg_msgs/include/mg_msgs/minSnapWpPVAJResponse.h, /home/locus/CDUS-Cam-Node/catkin_ws/devel/include/mg_msgs/minSnapWpPVAJResponse.h)
Linked: (/home/locus/CDUS-Cam-Node/catkin_ws/devel/.private/mg_msgs/include/mg_msgs/Attitude2D.h, /home/locus/CDUS-Cam-Node/catkin_ws/devel/include/mg_msgs/Attitude2D.h)
Linked: (/home/locus/CDUS-Cam-Node/catkin_ws/devel/.private/mg_msgs/include/mg_msgs/Radar.h, /home/locus/CDUS-Cam-Node/catkin_ws/devel/include/mg_msgs/Radar.h)
Linked: (/home/locus/CDUS-Cam-Node/catkin_ws/devel/.private/mg_msgs/include/mg_msgs/TriggerTime.h, /home/locus/CDUS-Cam-Node/catkin_ws/devel/include/mg_msgs/TriggerTime.h)
Linked: (/home/locus/CDUS-Cam-Node/catkin_ws/devel/.private/mg_msgs/include/mg_msgs/minSnapWpPVAJRequest.h, /home/locus/CDUS-Cam-Node/catkin_ws/devel/include/mg_msgs/minSnapWpPVAJRequest.h)
Linked: (/home/locus/CDUS-Cam-Node/catkin_ws/devel/.private/mg_msgs/include/mg_msgs/follow_PVAJS_trajectoryAction.h, /home/locus/CDUS-Cam-Node/catkin_ws/devel/include/mg_msgs/follow_PVAJS_trajectoryAction.h)
Linked: (/home/locus/CDUS-Cam-Node/catkin_ws/devel/.private/mg_msgs/include/mg_msgs/PVA_array.h, /home/locus/CDUS-Cam-Node/catkin_ws/devel/include/mg_msgs/PVA_array.h)
Linked: (/home/locus/CDUS-Cam-Node/catkin_ws/devel/.private/mg_msgs/include/mg_msgs/follow_PolyPVA_XY_trajectoryFeedback.h, /home/locus/CDUS-Cam-Node/catkin_ws/devel/include/mg_msgs/follow_PolyPVA_XY_trajectoryFeedback.h)
Linked: (/home/locus/CDUS-Cam-Node/catkin_ws/devel/.private/mg_msgs/include/mg_msgs/updatePx4paramResponse.h, /home/locus/CDUS-Cam-Node/catkin_ws/devel/include/mg_msgs/updatePx4paramResponse.h)
Linked: (/home/locus/CDUS-Cam-Node/catkin_ws/devel/.private/mg_msgs/include/mg_msgs/PVA_Stamped.h, /home/locus/CDUS-Cam-Node/catkin_ws/devel/include/mg_msgs/PVA_Stamped.h)
Linked: (/home/locus/CDUS-Cam-Node/catkin_ws/devel/.private/mg_msgs/include/mg_msgs/Ephemeris.h, /home/locus/CDUS-Cam-Node/catkin_ws/devel/include/mg_msgs/Ephemeris.h)
Linked: (/home/locus/CDUS-Cam-Node/catkin_ws/devel/.private/mg_msgs/include/mg_msgs/minSnapWpStampedResponse.h, /home/locus/CDUS-Cam-Node/catkin_ws/devel/include/mg_msgs/minSnapWpStampedResponse.h)
Linked: (/home/locus/CDUS-Cam-Node/catkin_ws/devel/.private/mg_msgs/include/mg_msgs/TxId.h, /home/locus/CDUS-Cam-Node/catkin_ws/devel/include/mg_msgs/TxId.h)
Linked: (/home/locus/CDUS-Cam-Node/catkin_ws/devel/.private/mg_msgs/include/mg_msgs/RequestRelativePoseBatch.h, /home/locus/CDUS-Cam-Node/catkin_ws/devel/include/mg_msgs/RequestRelativePoseBatch.h)
Linked: (/home/locus/CDUS-Cam-Node/catkin_ws/devel/.private/mg_msgs/include/mg_msgs/minAccXYWpPVARequest.h, /home/locus/CDUS-Cam-Node/catkin_ws/devel/include/mg_msgs/minAccXYWpPVARequest.h)
Linked: (/home/locus/CDUS-Cam-Node/catkin_ws/devel/.private/mg_msgs/include/mg_msgs/minAccXYWpPVA.h, /home/locus/CDUS-Cam-Node/catkin_ws/devel/include/mg_msgs/minAccXYWpPVA.h)
Linked: (/home/locus/CDUS-Cam-Node/catkin_ws/devel/.private/mg_msgs/include/mg_msgs/minSnapWpStamped.h, /home/locus/CDUS-Cam-Node/catkin_ws/devel/include/mg_msgs/minSnapWpStamped.h)
Linked: (/home/locus/CDUS-Cam-Node/catkin_ws/devel/.private/mg_msgs/include/mg_msgs/Almanac.h, /home/locus/CDUS-Cam-Node/catkin_ws/devel/include/mg_msgs/Almanac.h)
Linked: (/home/locus/CDUS-Cam-Node/catkin_ws/devel/.private/mg_msgs/include/mg_msgs/SetQuadBoolRequest.h, /home/locus/CDUS-Cam-Node/catkin_ws/devel/include/mg_msgs/SetQuadBoolRequest.h)
Linked: (/home/locus/CDUS-Cam-Node/catkin_ws/devel/.private/mg_msgs/include/mg_msgs/set_strings.h, /home/locus/CDUS-Cam-Node/catkin_ws/devel/include/mg_msgs/set_strings.h)
Linked: (/home/locus/CDUS-Cam-Node/catkin_ws/devel/.private/mg_msgs/include/mg_msgs/RequestRelativePoseBatchRequest.h, /home/locus/CDUS-Cam-Node/catkin_ws/devel/include/mg_msgs/RequestRelativePoseBatchRequest.h)
Linked: (/home/locus/CDUS-Cam-Node/catkin_ws/devel/.private/mg_msgs/include/mg_msgs/follow_PVAJS_trajectoryResult.h, /home/locus/CDUS-Cam-Node/catkin_ws/devel/include/mg_msgs/follow_PVAJS_trajectoryResult.h)
Linked: (/home/locus/CDUS-Cam-Node/catkin_ws/devel/.private/mg_msgs/include/mg_msgs/Coda.h, /home/locus/CDUS-Cam-Node/catkin_ws/devel/include/mg_msgs/Coda.h)
Linked: (/home/locus/CDUS-Cam-Node/catkin_ws/devel/.private/mg_msgs/include/mg_msgs/GnssObservables.h, /home/locus/CDUS-Cam-Node/catkin_ws/devel/include/mg_msgs/GnssObservables.h)
Linked: (/home/locus/CDUS-Cam-Node/catkin_ws/devel/.private/mg_msgs/include/mg_msgs/Imu.h, /home/locus/CDUS-Cam-Node/catkin_ws/devel/include/mg_msgs/Imu.h)
Linked: (/home/locus/CDUS-Cam-Node/catkin_ws/devel/.private/mg_msgs/include/mg_msgs/ObservablesMeasurementTime.h, /home/locus/CDUS-Cam-Node/catkin_ws/devel/include/mg_msgs/ObservablesMeasurementTime.h)
Linked: (/home/locus/CDUS-Cam-Node/catkin_ws/devel/.private/mg_msgs/include/mg_msgs/follow_PolyPVA_XY_trajectoryActionResult.h, /home/locus/CDUS-Cam-Node/catkin_ws/devel/include/mg_msgs/follow_PolyPVA_XY_trajectoryActionResult.h)
Linked: (/home/locus/CDUS-Cam-Node/catkin_ws/devel/.private/mg_msgs/include/mg_msgs/updatePx4paramRequest.h, /home/locus/CDUS-Cam-Node/catkin_ws/devel/include/mg_msgs/updatePx4paramRequest.h)
Linked: (/home/locus/CDUS-Cam-Node/catkin_ws/devel/.private/mg_msgs/include/mg_msgs/minSnapWpPVAJ.h, /home/locus/CDUS-Cam-Node/catkin_ws/devel/include/mg_msgs/minSnapWpPVAJ.h)
Linked: (/home/locus/CDUS-Cam-Node/catkin_ws/devel/.private/mg_msgs/include/mg_msgs/TransmitterInfoSegment.h, /home/locus/CDUS-Cam-Node/catkin_ws/devel/include/mg_msgs/TransmitterInfoSegment.h)
Linked: (/home/locus/CDUS-Cam-Node/catkin_ws/devel/.private/mg_msgs/include/mg_msgs/set_stringsRequest.h, /home/locus/CDUS-Cam-Node/catkin_ws/devel/include/mg_msgs/set_stringsRequest.h)
Linked: (/home/locus/CDUS-Cam-Node/catkin_ws/devel/.private/mg_msgs/include/mg_msgs/RadarConfig.h, /home/locus/CDUS-Cam-Node/catkin_ws/devel/include/mg_msgs/RadarConfig.h)
Linked: (/home/locus/CDUS-Cam-Node/catkin_ws/devel/.private/mg_msgs/include/mg_msgs/minSnapWpStampedRequest.h, /home/locus/CDUS-Cam-Node/catkin_ws/devel/include/mg_msgs/minSnapWpStampedRequest.h)
Linked: (/home/locus/CDUS-Cam-Node/catkin_ws/devel/.private/mg_msgs/include/mg_msgs/TransmitterInfo.h, /home/locus/CDUS-Cam-Node/catkin_ws/devel/include/mg_msgs/TransmitterInfo.h)
